#
# There is insufficient memory for the Java Runtime Environment to continue.
# Native memory allocation (malloc) failed to allocate 1454016 bytes for Chunk::new
# Possible reasons:
#   The system is out of physical RAM or swap space
#   The process is running with CompressedOops enabled, and the Java Heap may be blocking the growth of the native heap
# Possible solutions:
#   Reduce memory load on the system
#   Increase physical memory or swap space
#   Check if swap backing store is full
#   Decrease Java heap size (-Xmx/-Xms)
#   Decrease number of Java threads
#   Decrease Java thread stack sizes (-Xss)
#   Set larger code cache with -XX:ReservedCodeCacheSize=
#   JVM is running with Unscaled Compressed Oops mode in which the Java heap is
#     placed in the first 4GB address space. The Java Heap base address is the
#     maximum limit for the native heap growth. Please use -XX:HeapBaseMinAddress
#     to set the Java Heap base and to place the Java Heap above 4GB virtual address.
# This output file may be truncated or incomplete.
#
#  Out of Memory Error (allocation.cpp:389), pid=11068, tid=0x0000000000001e7c
#
# JRE version: OpenJDK Runtime Environment (8.0_242-b01) (build 1.8.0_242-release-1644-b01)
# Java VM: OpenJDK 64-Bit Server VM (25.242-b01 mixed mode windows-amd64 compressed oops)
# Failed to write core dump. Minidumps are not enabled by default on client versions of Windows
#

---------------  T H R E A D  ---------------

Current thread (0x00000000183ec000):  JavaThread "C2 CompilerThread1" daemon [_thread_in_native, id=7804, stack(0x000000001abc0000,0x000000001acc0000)]

Stack: [0x000000001abc0000,0x000000001acc0000]
[error occurred during error reporting (printing stack bounds), id 0xc0000005]

Native frames: (J=compiled Java code, j=interpreted, Vv=VM code, C=native code)


Current CompileTask:
C2:   4331 3396       4       groovy.lang.MetaClassImpl$1MOPIter::methodNameAction (325 bytes)


---------------  P R O C E S S  ---------------

Java Threads: ( => current thread )
  0x000000001d5ea800 JavaThread "Build operations Thread 8" [_thread_blocked, id=10476, stack(0x0000000024f40000,0x0000000025040000)]
  0x000000001d5f1000 JavaThread "Build operations Thread 7" [_thread_blocked, id=13016, stack(0x0000000024e40000,0x0000000024f40000)]
  0x000000001d5e9800 JavaThread "Build operations Thread 6" [_thread_blocked, id=10956, stack(0x0000000024d40000,0x0000000024e40000)]
  0x000000001d5ef800 JavaThread "Build operations Thread 5" [_thread_blocked, id=6600, stack(0x0000000024c40000,0x0000000024d40000)]
  0x000000001d5ec800 JavaThread "Build operations Thread 4" [_thread_blocked, id=8372, stack(0x0000000024b40000,0x0000000024c40000)]
  0x000000001d5ef000 JavaThread "Build operations Thread 3" [_thread_blocked, id=9924, stack(0x0000000024a40000,0x0000000024b40000)]
  0x000000001d5ee000 JavaThread "Build operations Thread 2" [_thread_blocked, id=10408, stack(0x0000000024940000,0x0000000024a40000)]
  0x000000001d5ed800 JavaThread "Build operations" [_thread_blocked, id=10124, stack(0x0000000024400000,0x0000000024500000)]
  0x000000001ceae000 JavaThread "Cache worker for execution history cache (C:\Users\nives\.gradle\caches\6.1.1\executionHistory)" [_thread_blocked, id=12432, stack(0x0000000022b30000,0x0000000022c30000)]
  0x000000001ceb4800 JavaThread "Cache worker for cache directory md-rule (C:\Users\nives\.gradle\caches\6.1.1\md-rule)" [_thread_blocked, id=6660, stack(0x0000000021710000,0x0000000021810000)]
  0x000000001ceb4000 JavaThread "Cache worker for cache directory md-supplier (C:\Users\nives\.gradle\caches\6.1.1\md-supplier)" [_thread_blocked, id=12356, stack(0x0000000021610000,0x0000000021710000)]
  0x000000001ceb1000 JavaThread "Cache worker for file hash cache (C:\Users\nives\AndroidStudioProjects\Adventure\.gradle\6.1.1\fileHashes)" [_thread_blocked, id=8688, stack(0x0000000021860000,0x0000000021960000)]
  0x000000001ceb3000 JavaThread "Cache worker for checksums cache (C:\Users\nives\AndroidStudioProjects\Adventure\.gradle\checksums)" [_thread_blocked, id=9560, stack(0x000000001f100000,0x000000001f200000)]
  0x000000001ceb2800 JavaThread "Cache worker for file hash cache (C:\Users\nives\.gradle\caches\6.1.1\fileHashes)" [_thread_blocked, id=13092, stack(0x000000001f000000,0x000000001f100000)]
  0x000000001ceb1800 JavaThread "File lock request listener" [_thread_in_native, id=7292, stack(0x000000001ef00000,0x000000001f000000)]
  0x000000001bf22000 JavaThread "Cache worker for journal cache (C:\Users\nives\.gradle\caches\journal-1)" [_thread_blocked, id=7196, stack(0x000000001ee00000,0x000000001ef00000)]
  0x000000001ceb8800 JavaThread "Thread-9" [_thread_blocked, id=336, stack(0x000000001eb00000,0x000000001ec00000)]
  0x000000001cdb2800 JavaThread "Stdin handler" [_thread_blocked, id=10192, stack(0x000000001ea00000,0x000000001eb00000)]
  0x000000001ceb8000 JavaThread "Asynchronous log dispatcher for DefaultDaemonConnection: socket connection from /127.0.0.1:61368 to /127.0.0.1:61369" [_thread_blocked, id=2940, stack(0x000000001e800000,0x000000001e900000)]
  0x000000001ccfc000 JavaThread "Daemon worker" [_thread_in_Java, id=13220, stack(0x000000001e700000,0x000000001e800000)]
  0x000000001ccfb000 JavaThread "Cancel handler" [_thread_blocked, id=7752, stack(0x000000001e600000,0x000000001e700000)]
  0x000000001ccf4800 JavaThread "Handler for socket connection from /127.0.0.1:61368 to /127.0.0.1:61369" [_thread_in_native, id=10972, stack(0x000000001e300000,0x000000001e400000)]
  0x000000001bf0c000 JavaThread "Daemon" [_thread_blocked, id=8084, stack(0x000000001e200000,0x000000001e300000)]
  0x000000001ccba800 JavaThread "Daemon periodic checks" [_thread_blocked, id=6328, stack(0x000000001e100000,0x000000001e200000)]
  0x000000001ccc6000 JavaThread "Incoming local TCP Connector on port 61368" [_thread_in_native, id=12056, stack(0x000000001dea0000,0x000000001dfa0000)]
  0x000000001b199000 JavaThread "Daemon health stats" [_thread_blocked, id=7328, stack(0x000000001d860000,0x000000001d960000)]
  0x000000001a279000 JavaThread "Service Thread" daemon [_thread_blocked, id=11204, stack(0x000000001aec0000,0x000000001afc0000)]
  0x000000001a1f1800 JavaThread "C1 CompilerThread3" daemon [_thread_blocked, id=12852, stack(0x000000001adc0000,0x000000001aec0000)]
  0x00000000183ee000 JavaThread "C2 CompilerThread2" daemon [_thread_in_native, id=11772, stack(0x000000001acc0000,0x000000001adc0000)]
=>0x00000000183ec000 JavaThread "C2 CompilerThread1" daemon [_thread_in_native, id=7804, stack(0x000000001abc0000,0x000000001acc0000)]
  0x000000001a1e6000 JavaThread "C2 CompilerThread0" daemon [_thread_in_native, id=12420, stack(0x000000001aac0000,0x000000001abc0000)]
  0x000000001a1e4000 JavaThread "Attach Listener" daemon [_thread_blocked, id=11428, stack(0x000000001a9c0000,0x000000001aac0000)]
  0x000000001a1e3000 JavaThread "Signal Dispatcher" daemon [_thread_blocked, id=12320, stack(0x000000001a8c0000,0x000000001a9c0000)]
  0x000000001a1d1000 JavaThread "Finalizer" daemon [_thread_blocked, id=7624, stack(0x000000001a6b0000,0x000000001a7b0000)]
  0x0000000003267000 JavaThread "Reference Handler" daemon [_thread_blocked, id=5196, stack(0x000000001a5b0000,0x000000001a6b0000)]
  0x000000000336e000 JavaThread "main" [_thread_blocked, id=9656, stack(0x0000000002ff0000,0x00000000030f0000)]

Other Threads:
  0x00000000183d6800 VMThread [stack: 0x000000001a0b0000,0x000000001a1b0000] [id=6364]
  0x000000001a22b800 WatcherThread [stack: 0x000000001afc0000,0x000000001b0c0000] [id=6336]

VM state:not at safepoint (normal execution)

VM Mutex/Monitor currently owned by a thread: None

heap address: 0x0000000080000000, size: 2048 MB, Compressed Oops mode: 32-bit
Narrow klass base: 0x0000000000000000, Narrow klass shift: 3
Compressed class space size: 1073741824 Address: 0x0000000100000000

Heap:
 PSYoungGen      total 135168K, used 50509K [0x00000000d5580000, 0x00000000de700000, 0x0000000100000000)
  eden space 123392K, 40% used [0x00000000d5580000,0x00000000d86d3710,0x00000000dce00000)
  from space 11776K, 0% used [0x00000000dd000000,0x00000000dd000000,0x00000000ddb80000)
  to   space 8704K, 0% used [0x00000000dde80000,0x00000000dde80000,0x00000000de700000)
 ParOldGen       total 67584K, used 17950K [0x0000000080000000, 0x0000000084200000, 0x00000000d5580000)
  object space 67584K, 26% used [0x0000000080000000,0x0000000081187930,0x0000000084200000)
 Metaspace       used 36604K, capacity 38040K, committed 38192K, reserved 1081344K
  class space    used 5065K, capacity 5391K, committed 5424K, reserved 1048576K

Card table byte_map: [0x0000000012730000,0x0000000012b40000] byte_map_base: 0x0000000012330000

Marking Bits: (ParMarkBitMap*) 0x000000005765f030
 Begin Bits: [0x00000000135f0000, 0x00000000155f0000)
 End Bits:   [0x00000000155f0000, 0x00000000175f0000)

Polling page: 0x0000000001300000

CodeCache: size=245760Kb used=12470Kb max_used=12486Kb free=233289Kb
 bounds [0x0000000003370000, 0x0000000003fb0000, 0x0000000012370000]
 total_blobs=4223 nmethods=3519 adapters=617
 compilation: enabled

Compilation events (10 events):
Event: 4.277 Thread 0x000000001a1f1800 nmethod 3473 0x0000000003f74890 code [0x0000000003f74a40, 0x0000000003f74fe8]
Event: 4.277 Thread 0x000000001a1f1800 3474       3       jdk.internal.org.objectweb.asm.AnnotationWriter::put (109 bytes)
Event: 4.277 Thread 0x000000001a1f1800 nmethod 3474 0x0000000003f751d0 code [0x0000000003f75380, 0x0000000003f75838]
Event: 4.278 Thread 0x000000001a1f1800 3475       3       java.lang.Byte::valueOf (10 bytes)
Event: 4.278 Thread 0x000000001a1f1800 nmethod 3475 0x0000000003f75ad0 code [0x0000000003f75c20, 0x0000000003f75d90]
Event: 4.278 Thread 0x000000001a1f1800 3477       3       java.lang.invoke.InvokerBytecodeGenerator::assertStaticType (58 bytes)
Event: 4.279 Thread 0x000000001a1f1800 nmethod 3477 0x0000000003f75e90 code [0x0000000003f76020, 0x0000000003f76678]
Event: 4.279 Thread 0x000000001a1f1800 3478       3       java.lang.invoke.MemberName::<init> (131 bytes)
Event: 4.280 Thread 0x000000001a1f1800 nmethod 3478 0x0000000003f76a90 code [0x0000000003f76d60, 0x0000000003f78158]
Event: 4.280 Thread 0x000000001a1f1800 3481       3       java.util.regex.Pattern::has (15 bytes)

GC Heap History (10 events):
Event: 2.680 GC heap before
{Heap before GC invocations=7 (full 0):
 PSYoungGen      total 74752K, used 10483K [0x00000000d5580000, 0x00000000dab80000, 0x0000000100000000)
  eden space 64512K, 3% used [0x00000000d5580000,0x00000000d576cf38,0x00000000d9480000)
  from space 10240K, 83% used [0x00000000d9f80000,0x00000000da7cfe80,0x00000000da980000)
  to   space 11264K, 0% used [0x00000000d9480000,0x00000000d9480000,0x00000000d9f80000)
 ParOldGen       total 86016K, used 7206K [0x0000000080000000, 0x0000000085400000, 0x00000000d5580000)
  object space 86016K, 8% used [0x0000000080000000,0x0000000080709a28,0x0000000085400000)
 Metaspace       used 20650K, capacity 21272K, committed 21296K, reserved 1067008K
  class space    used 2897K, capacity 3120K, committed 3120K, reserved 1048576K
Event: 2.685 GC heap after
Heap after GC invocations=7 (full 0):
 PSYoungGen      total 75776K, used 4000K [0x00000000d5580000, 0x00000000de980000, 0x0000000100000000)
  eden space 64512K, 0% used [0x00000000d5580000,0x00000000d5580000,0x00000000d9480000)
  from space 11264K, 35% used [0x00000000d9480000,0x00000000d9868030,0x00000000d9f80000)
  to   space 11264K, 0% used [0x00000000dde80000,0x00000000dde80000,0x00000000de980000)
 ParOldGen       total 86016K, used 9486K [0x0000000080000000, 0x0000000085400000, 0x00000000d5580000)
  object space 86016K, 11% used [0x0000000080000000,0x0000000080943a78,0x0000000085400000)
 Metaspace       used 20650K, capacity 21272K, committed 21296K, reserved 1067008K
  class space    used 2897K, capacity 3120K, committed 3120K, reserved 1048576K
}
Event: 2.685 GC heap before
{Heap before GC invocations=8 (full 1):
 PSYoungGen      total 75776K, used 4000K [0x00000000d5580000, 0x00000000de980000, 0x0000000100000000)
  eden space 64512K, 0% used [0x00000000d5580000,0x00000000d5580000,0x00000000d9480000)
  from space 11264K, 35% used [0x00000000d9480000,0x00000000d9868030,0x00000000d9f80000)
  to   space 11264K, 0% used [0x00000000dde80000,0x00000000dde80000,0x00000000de980000)
 ParOldGen       total 86016K, used 9486K [0x0000000080000000, 0x0000000085400000, 0x00000000d5580000)
  object space 86016K, 11% used [0x0000000080000000,0x0000000080943a78,0x0000000085400000)
 Metaspace       used 20650K, capacity 21272K, committed 21296K, reserved 1067008K
  class space    used 2897K, capacity 3120K, committed 3120K, reserved 1048576K
Event: 2.711 GC heap after
Heap after GC invocations=8 (full 1):
 PSYoungGen      total 75776K, used 0K [0x00000000d5580000, 0x00000000de980000, 0x0000000100000000)
  eden space 64512K, 0% used [0x00000000d5580000,0x00000000d5580000,0x00000000d9480000)
  from space 11264K, 0% used [0x00000000d9480000,0x00000000d9480000,0x00000000d9f80000)
  to   space 11264K, 0% used [0x00000000dde80000,0x00000000dde80000,0x00000000de980000)
 ParOldGen       total 46592K, used 6925K [0x0000000080000000, 0x0000000082d80000, 0x00000000d5580000)
  object space 46592K, 14% used [0x0000000080000000,0x00000000806c3510,0x0000000082d80000)
 Metaspace       used 20650K, capacity 21272K, committed 21296K, reserved 1067008K
  class space    used 2897K, capacity 3120K, committed 3120K, reserved 1048576K
}
Event: 3.126 GC heap before
{Heap before GC invocations=9 (full 1):
 PSYoungGen      total 75776K, used 64321K [0x00000000d5580000, 0x00000000de980000, 0x0000000100000000)
  eden space 64512K, 99% used [0x00000000d5580000,0x00000000d9450798,0x00000000d9480000)
  from space 11264K, 0% used [0x00000000d9480000,0x00000000d9480000,0x00000000d9f80000)
  to   space 11264K, 0% used [0x00000000dde80000,0x00000000dde80000,0x00000000de980000)
 ParOldGen       total 46592K, used 6925K [0x0000000080000000, 0x0000000082d80000, 0x00000000d5580000)
  object space 46592K, 14% used [0x0000000080000000,0x00000000806c3510,0x0000000082d80000)
 Metaspace       used 28220K, capacity 28928K, committed 29232K, reserved 1075200K
  class space    used 3899K, capacity 4131K, committed 4144K, reserved 1048576K
Event: 3.132 GC heap after
Heap after GC invocations=9 (full 1):
 PSYoungGen      total 132096K, used 8599K [0x00000000d5580000, 0x00000000de700000, 0x0000000100000000)
  eden space 123392K, 0% used [0x00000000d5580000,0x00000000d5580000,0x00000000dce00000)
  from space 8704K, 98% used [0x00000000dde80000,0x00000000de6e5fb8,0x00000000de700000)
  to   space 11776K, 0% used [0x00000000dd000000,0x00000000dd000000,0x00000000ddb80000)
 ParOldGen       total 46592K, used 6933K [0x0000000080000000, 0x0000000082d80000, 0x00000000d5580000)
  object space 46592K, 14% used [0x0000000080000000,0x00000000806c5510,0x0000000082d80000)
 Metaspace       used 28220K, capacity 28928K, committed 29232K, reserved 1075200K
  class space    used 3899K, capacity 4131K, committed 4144K, reserved 1048576K
}
Event: 3.728 GC heap before
{Heap before GC invocations=10 (full 1):
 PSYoungGen      total 132096K, used 120835K [0x00000000d5580000, 0x00000000de700000, 0x0000000100000000)
  eden space 123392K, 90% used [0x00000000d5580000,0x00000000dc31ac50,0x00000000dce00000)
  from space 8704K, 98% used [0x00000000dde80000,0x00000000de6e5fb8,0x00000000de700000)
  to   space 11776K, 0% used [0x00000000dd000000,0x00000000dd000000,0x00000000ddb80000)
 ParOldGen       total 46592K, used 6933K [0x0000000080000000, 0x0000000082d80000, 0x00000000d5580000)
  object space 46592K, 14% used [0x0000000080000000,0x00000000806c5510,0x0000000082d80000)
 Metaspace       used 34540K, capacity 35418K, committed 35496K, reserved 1079296K
  class space    used 4747K, capacity 4976K, committed 5040K, reserved 1048576K
Event: 3.735 GC heap after
Heap after GC invocations=10 (full 1):
 PSYoungGen      total 135168K, used 11688K [0x00000000d5580000, 0x00000000de700000, 0x0000000100000000)
  eden space 123392K, 0% used [0x00000000d5580000,0x00000000d5580000,0x00000000dce00000)
  from space 11776K, 99% used [0x00000000dd000000,0x00000000ddb6a000,0x00000000ddb80000)
  to   space 8704K, 0% used [0x00000000dde80000,0x00000000dde80000,0x00000000de700000)
 ParOldGen       total 46592K, used 6941K [0x0000000080000000, 0x0000000082d80000, 0x00000000d5580000)
  object space 46592K, 14% used [0x0000000080000000,0x00000000806c7510,0x0000000082d80000)
 Metaspace       used 34540K, capacity 35418K, committed 35496K, reserved 1079296K
  class space    used 4747K, capacity 4976K, committed 5040K, reserved 1048576K
}
Event: 3.735 GC heap before
{Heap before GC invocations=11 (full 2):
 PSYoungGen      total 135168K, used 11688K [0x00000000d5580000, 0x00000000de700000, 0x0000000100000000)
  eden space 123392K, 0% used [0x00000000d5580000,0x00000000d5580000,0x00000000dce00000)
  from space 11776K, 99% used [0x00000000dd000000,0x00000000ddb6a000,0x00000000ddb80000)
  to   space 8704K, 0% used [0x00000000dde80000,0x00000000dde80000,0x00000000de700000)
 ParOldGen       total 46592K, used 6941K [0x0000000080000000, 0x0000000082d80000, 0x00000000d5580000)
  object space 46592K, 14% used [0x0000000080000000,0x00000000806c7510,0x0000000082d80000)
 Metaspace       used 34540K, capacity 35418K, committed 35496K, reserved 1079296K
  class space    used 4747K, capacity 4976K, committed 5040K, reserved 1048576K
Event: 3.790 GC heap after
Heap after GC invocations=11 (full 2):
 PSYoungGen      total 135168K, used 0K [0x00000000d5580000, 0x00000000de700000, 0x0000000100000000)
  eden space 123392K, 0% used [0x00000000d5580000,0x00000000d5580000,0x00000000dce00000)
  from space 11776K, 0% used [0x00000000dd000000,0x00000000dd000000,0x00000000ddb80000)
  to   space 8704K, 0% used [0x00000000dde80000,0x00000000dde80000,0x00000000de700000)
 ParOldGen       total 67584K, used 17950K [0x0000000080000000, 0x0000000084200000, 0x00000000d5580000)
  object space 67584K, 26% used [0x0000000080000000,0x0000000081187930,0x0000000084200000)
 Metaspace       used 34540K, capacity 35418K, committed 35496K, reserved 1079296K
  class space    used 4747K, capacity 4976K, committed 5040K, reserved 1048576K
}

Deoptimization events (10 events):
Event: 3.367 Thread 0x000000001ccfc000 Uncommon trap: reason=class_check action=maybe_recompile pc=0x0000000003a84c58 method=sun.misc.URLClassPath.getLoader(I)Lsun/misc/URLClassPath$Loader; @ 239
Event: 3.423 Thread 0x000000001ccfc000 Uncommon trap: reason=class_check action=maybe_recompile pc=0x0000000003aac82c method=java.util.WeakHashMap.eq(Ljava/lang/Object;Ljava/lang/Object;)Z @ 7
Event: 3.652 Thread 0x000000001ccfc000 Uncommon trap: reason=unstable_if action=reinterpret pc=0x00000000038f04fc method=jdk.internal.org.objectweb.asm.Type.getArgumentsAndReturnSizes(Ljava/lang/String;)I @ 88
Event: 3.910 Thread 0x000000001d5ee000 Uncommon trap: reason=unstable_if action=reinterpret pc=0x00000000038fa7e0 method=java.util.concurrent.ConcurrentHashMap.putVal(Ljava/lang/Object;Ljava/lang/Object;Z)Ljava/lang/Object; @ 98
Event: 4.019 Thread 0x000000001ccfc000 Uncommon trap: reason=unstable_if action=reinterpret pc=0x0000000003d2b78c method=org.codehaus.groovy.runtime.metaclass.MetaMethodIndex.addMethodToList(Ljava/lang/Object;Lgroovy/lang/MetaMethod;)Ljava/lang/Object; @ 226
Event: 4.076 Thread 0x000000001ccfc000 Uncommon trap: reason=unstable_if action=reinterpret pc=0x00000000036bd4ac method=java.util.jar.JarFile.match([C[B[I[I)Z @ 29
Event: 4.211 Thread 0x000000001ccfc000 Uncommon trap: reason=unstable_if action=reinterpret pc=0x00000000038555cc method=java.util.WeakHashMap.expungeStaleEntries()V @ 66
Event: 4.218 Thread 0x000000001ccfc000 Uncommon trap: reason=bimorphic action=maybe_recompile pc=0x0000000003cff188 method=java.util.AbstractCollection.addAll(Ljava/util/Collection;)Z @ 29
Event: 4.237 Thread 0x000000001ccfc000 Uncommon trap: reason=range_check action=make_not_entrant pc=0x0000000003d7b7bc method=java.lang.String.charAt(I)C @ 27
Event: 4.279 Thread 0x000000001ccfc000 Uncommon trap: reason=unstable_if action=reinterpret pc=0x00000000036b8bd0 method=java.util.regex.Pattern.has(I)Z @ 6

Classes redefined (0 events):
No events

Internal exceptions (10 events):
Event: 4.264 Thread 0x000000001ccfc000 Exception <a 'java/lang/ClassNotFoundException': org/gradle/api/tasks/Delete_DecoratedBeanInfo> (0x00000000d7b47370) thrown at [C:\src\AOSP-openjdk-git\hotspot\src\share\vm\classfile\systemDictionary.cpp, line 210]
Event: 4.265 Thread 0x000000001ccfc000 Exception <a 'java/lang/ClassNotFoundException': org/gradle/api/tasks/DeleteBeanInfo> (0x00000000d7b754d8) thrown at [C:\src\AOSP-openjdk-git\hotspot\src\share\vm\classfile\systemDictionary.cpp, line 210]
Event: 4.265 Thread 0x000000001ccfc000 Exception <a 'java/lang/ClassNotFoundException': org/gradle/api/internal/ConventionTaskBeanInfo> (0x00000000d7ba9bf0) thrown at [C:\src\AOSP-openjdk-git\hotspot\src\share\vm\classfile\systemDictionary.cpp, line 210]
Event: 4.266 Thread 0x000000001ccfc000 Exception <a 'java/lang/ClassNotFoundException': org/gradle/api/DefaultTaskBeanInfo> (0x00000000d7c16588) thrown at [C:\src\AOSP-openjdk-git\hotspot\src\share\vm\classfile\systemDictionary.cpp, line 210]
Event: 4.266 Thread 0x000000001ccfc000 Exception <a 'java/lang/ClassNotFoundException': org/gradle/api/internal/AbstractTaskBeanInfo> (0x00000000d7c49dc0) thrown at [C:\src\AOSP-openjdk-git\hotspot\src\share\vm\classfile\systemDictionary.cpp, line 210]
Event: 4.267 Thread 0x000000001ccfc000 Exception <a 'java/lang/ClassNotFoundException': org/gradle/api/internal/AbstractTaskCustomizer> (0x00000000d7c7e698) thrown at [C:\src\AOSP-openjdk-git\hotspot\src\share\vm\classfile\systemDictionary.cpp, line 210]
Event: 4.269 Thread 0x000000001ccfc000 Exception <a 'java/lang/ClassNotFoundException': org/gradle/api/DefaultTaskCustomizer> (0x00000000d7d13740) thrown at [C:\src\AOSP-openjdk-git\hotspot\src\share\vm\classfile\systemDictionary.cpp, line 210]
Event: 4.269 Thread 0x000000001ccfc000 Exception <a 'java/lang/ClassNotFoundException': org/gradle/api/internal/ConventionTaskCustomizer> (0x00000000d7d59a48) thrown at [C:\src\AOSP-openjdk-git\hotspot\src\share\vm\classfile\systemDictionary.cpp, line 210]
Event: 4.270 Thread 0x000000001ccfc000 Exception <a 'java/lang/ClassNotFoundException': org/gradle/api/tasks/DeleteCustomizer> (0x00000000d7d9c378) thrown at [C:\src\AOSP-openjdk-git\hotspot\src\share\vm\classfile\systemDictionary.cpp, line 210]
Event: 4.271 Thread 0x000000001ccfc000 Exception <a 'java/lang/ClassNotFoundException': org/gradle/api/tasks/Delete_DecoratedCustomizer> (0x00000000d7deca88) thrown at [C:\src\AOSP-openjdk-git\hotspot\src\share\vm\classfile\systemDictionary.cpp, line 210]

Events (10 events):
Event: 4.279 loading class org/gradle/internal/build/event/types/DefaultPluginApplicationResult done
Event: 4.279 Thread 0x000000001ccfc000 Uncommon trap: trap_request=0xffffff65 fr.pc=0x00000000036b8bd0
Event: 4.279 Thread 0x000000001ccfc000 DEOPT PACKING pc=0x00000000036b8bd0 sp=0x000000001e7fab20
Event: 4.279 Thread 0x000000001ccfc000 DEOPT UNPACKING pc=0x00000000033b557b sp=0x000000001e7faab8 mode 2
Event: 4.279 loading class java/util/regex/Pattern$SingleI
Event: 4.279 loading class java/util/regex/Pattern$SingleI done
Event: 4.279 loading class java/util/regex/Pattern$3
Event: 4.279 loading class java/util/regex/Pattern$3 done
Event: 4.279 loading class org/gradle/internal/build/event/types/DefaultOperationFinishedProgressEvent
Event: 4.279 loading class org/gradle/internal/build/event/types/DefaultOperationFinishedProgressEvent done


Dynamic libraries:
0x00007ff6567c0000 - 0x00007ff6567f1000 	C:\Program Files\Android\Android Studio\jre\bin\java.exe
0x00007ffc8ba80000 - 0x00007ffc8bc70000 	C:\Windows\SYSTEM32\ntdll.dll
0x00007ffc8b880000 - 0x00007ffc8b932000 	C:\Windows\System32\KERNEL32.DLL
0x00007ffc89530000 - 0x00007ffc897d4000 	C:\Windows\System32\KERNELBASE.dll
0x00007ffc89b30000 - 0x00007ffc89bd3000 	C:\Windows\System32\ADVAPI32.dll
0x00007ffc8b630000 - 0x00007ffc8b6ce000 	C:\Windows\System32\msvcrt.dll
0x00007ffc8a4b0000 - 0x00007ffc8a547000 	C:\Windows\System32\sechost.dll
0x00007ffc8b6d0000 - 0x00007ffc8b7f0000 	C:\Windows\System32\RPCRT4.dll
0x00007ffc8a2b0000 - 0x00007ffc8a444000 	C:\Windows\System32\USER32.dll
0x00007ffc89460000 - 0x00007ffc89481000 	C:\Windows\System32\win32u.dll
0x00007ffc8a990000 - 0x00007ffc8a9b6000 	C:\Windows\System32\GDI32.dll
0x00007ffc89860000 - 0x00007ffc899f5000 	C:\Windows\System32\gdi32full.dll
0x00007ffc89490000 - 0x00007ffc8952e000 	C:\Windows\System32\msvcp_win.dll
0x00007ffc88be0000 - 0x00007ffc88cda000 	C:\Windows\System32\ucrtbase.dll
0x00007ffc74e10000 - 0x00007ffc75094000 	C:\Windows\WinSxS\amd64_microsoft.windows.common-controls_6595b64144ccf1df_6.0.18362.900_none_e6beb9d913147d17\COMCTL32.dll
0x00007ffc8a9c0000 - 0x00007ffc8acf5000 	C:\Windows\System32\combase.dll
0x00007ffc88b60000 - 0x00007ffc88be0000 	C:\Windows\System32\bcryptPrimitives.dll
0x00007ffc8ba10000 - 0x00007ffc8ba3e000 	C:\Windows\System32\IMM32.DLL
0x0000000057ef0000 - 0x0000000057fc2000 	C:\Program Files\Android\Android Studio\jre\jre\bin\msvcr100.dll
0x0000000056e90000 - 0x00000000576db000 	C:\Program Files\Android\Android Studio\jre\jre\bin\server\jvm.dll
0x00007ffc8b7f0000 - 0x00007ffc8b7f8000 	C:\Windows\System32\PSAPI.DLL
0x00007ffc86ab0000 - 0x00007ffc86ab9000 	C:\Windows\SYSTEM32\WSOCK32.dll
0x00007ffc81ca0000 - 0x00007ffc81caa000 	C:\Windows\SYSTEM32\VERSION.dll
0x00007ffc86820000 - 0x00007ffc86844000 	C:\Windows\SYSTEM32\WINMM.dll
0x00007ffc8a550000 - 0x00007ffc8a5bf000 	C:\Windows\System32\WS2_32.dll
0x00007ffc862d0000 - 0x00007ffc862fd000 	C:\Windows\SYSTEM32\WINMMBASE.dll
0x00007ffc89ae0000 - 0x00007ffc89b2a000 	C:\Windows\System32\cfgmgr32.dll
0x00007ffc86a90000 - 0x00007ffc86a9f000 	C:\Program Files\Android\Android Studio\jre\jre\bin\verify.dll
0x00007ffc7d5a0000 - 0x00007ffc7d5c9000 	C:\Program Files\Android\Android Studio\jre\jre\bin\java.dll
0x00007ffc7d550000 - 0x00007ffc7d566000 	C:\Program Files\Android\Android Studio\jre\jre\bin\zip.dll
0x00007ffc8af30000 - 0x00007ffc8b616000 	C:\Windows\System32\SHELL32.dll
0x00007ffc8ae80000 - 0x00007ffc8af29000 	C:\Windows\System32\shcore.dll
0x00007ffc88ce0000 - 0x00007ffc89460000 	C:\Windows\System32\windows.storage.dll
0x00007ffc88970000 - 0x00007ffc88993000 	C:\Windows\System32\profapi.dll
0x00007ffc889c0000 - 0x00007ffc88a0a000 	C:\Windows\System32\powrprof.dll
0x00007ffc88940000 - 0x00007ffc88950000 	C:\Windows\System32\UMPDC.dll
0x00007ffc8ad70000 - 0x00007ffc8adc2000 	C:\Windows\System32\shlwapi.dll
0x00007ffc88950000 - 0x00007ffc88961000 	C:\Windows\System32\kernel.appcore.dll
0x00007ffc89840000 - 0x00007ffc89857000 	C:\Windows\System32\cryptsp.dll
0x00007ffc7e840000 - 0x00007ffc7e85a000 	C:\Program Files\Android\Android Studio\jre\jre\bin\net.dll
0x00007ffc88150000 - 0x00007ffc881b7000 	C:\Windows\system32\mswsock.dll
0x00007ffc7e820000 - 0x00007ffc7e833000 	C:\Program Files\Android\Android Studio\jre\jre\bin\nio.dll
0x00007ffc65f90000 - 0x00007ffc65fb6000 	C:\Users\nives\.gradle\native\31\windows-amd64\native-platform.dll
0x00007ffc868d0000 - 0x00007ffc868dd000 	C:\Program Files\Android\Android Studio\jre\jre\bin\management.dll
0x00007ffc87cc0000 - 0x00007ffc87cf3000 	C:\Windows\system32\rsaenh.dll
0x00007ffc89a00000 - 0x00007ffc89a26000 	C:\Windows\System32\bcrypt.dll
0x00007ffc88830000 - 0x00007ffc88855000 	C:\Windows\SYSTEM32\USERENV.dll
0x00007ffc88320000 - 0x00007ffc8832c000 	C:\Windows\SYSTEM32\CRYPTBASE.dll
0x00007ffc87e60000 - 0x00007ffc87e9a000 	C:\Windows\SYSTEM32\IPHLPAPI.DLL
0x00007ffc8adf0000 - 0x00007ffc8adf8000 	C:\Windows\System32\NSI.dll
0x00007ffc83c60000 - 0x00007ffc83c76000 	C:\Windows\SYSTEM32\dhcpcsvc6.DLL
0x00007ffc83c40000 - 0x00007ffc83c5c000 	C:\Windows\SYSTEM32\dhcpcsvc.DLL
0x00007ffc87ea0000 - 0x00007ffc87f6b000 	C:\Windows\SYSTEM32\DNSAPI.dll

VM Arguments:
jvm_args: -Xmx2048m -Dfile.encoding=windows-1252 -Duser.country=BR -Duser.language=pt -Duser.variant 
java_command: org.gradle.launcher.daemon.bootstrap.GradleDaemon 6.1.1
java_class_path (initial): C:\Users\nives\.gradle\wrapper\dists\gradle-6.1.1-all\cfmwm155h49vnt3hynmlrsdst\gradle-6.1.1\lib\gradle-launcher-6.1.1.jar
Launcher Type: SUN_STANDARD

Environment Variables:
JAVA_HOME=C:\Program Files\AdoptOpenJDK\jdk-14.0.1.7-hotspot\
PATH=C:\Program Files\AdoptOpenJDK\jdk-14.0.1.7-hotspot\bin;C:\Program Files\NVIDIA GPU Computing Toolkit\CUDA\v10.1\bin;C:\Program Files\NVIDIA GPU Computing Toolkit\CUDA\v10.1\libnvvp;C:\Program Files\NVIDIA GPU Computing Toolkit\CUDA\v10.1\include;C:\Program Files (x86)\Common Files\Oracle\Java\javapath;C:\Windows\system32;C:\Windows;C:\Windows\System32\Wbem;C:\Windows\System32\WindowsPowerShell\v1.0\;C:\Windows\System32\OpenSSH\;C:\Program Files (x86)\NVIDIA Corporation\PhysX\Common;C:\Program Files\Docker\Docker\resources\bin;C:\ProgramData\DockerDesktop\version-bin;C:\Program Files\Git\cmd;C:\Program Files\NVIDIA Corporation\Nsight Compute 2019.4.0\;C:\Program Files (x86)\Graphviz2.38\bin\;C:\Users\nives\AppData\Local\Programs\Python\Python38\Scripts\;C:\Users\nives\AppData\Local\Programs\Python\Python38\;C:\Users\nives\AppData\Local\Programs\Python\Launcher\;C:\Users\nives\AppData\Local\Microsoft\WindowsApps;C:\Users\nives\AppData\Local\Programs\Microsoft VS Code\bin;C:\MinGW\bin;C:\Users\nives\AppData\Local\Programs\Python\Python38\Lib\site-packages\graphviz;
USERNAME=nivestar
OS=Windows_NT
PROCESSOR_IDENTIFIER=Intel64 Family 6 Model 158 Stepping 10, GenuineIntel



---------------  S Y S T E M  ---------------

OS: Windows 10.0 , 64 bit Build 18362 (10.0.18362.900)

CPU:total 8 (initial active 8) (4 cores per cpu, 2 threads per core) family 6 model 158 stepping 10, cmov, cx8, fxsr, mmx, sse, sse2, sse3, ssse3, sse4.1, sse4.2, popcnt, avx, avx2, aes, clmul, erms, 3dnowpref, lzcnt, ht, tsc, tscinvbit, bmi1, bmi2, adx

Memory: 4k page, physical 8227124k(698388k free), swap 10172724k(6516k free)

vm_info: OpenJDK 64-Bit Server VM (25.242-b01) for windows-amd64 JRE (1.8.0_242-release-1644-b01), built by "builder" with MS VC++ 10.0 (VS2010)

time: Wed Jul 15 00:44:06 2020
timezone: UTC-02
elapsed time: 4 seconds (0d 0h 0m 4s)

