#
# There is insufficient memory for the Java Runtime Environment to continue.
# Native memory allocation (malloc) failed to allocate 1234576 bytes for Chunk::new
# Possible reasons:
#   The system is out of physical RAM or swap space
#   The process is running with CompressedOops enabled, and the Java Heap may be blocking the growth of the native heap
# Possible solutions:
#   Reduce memory load on the system
#   Increase physical memory or swap space
#   Check if swap backing store is full
#   Decrease Java heap size (-Xmx/-Xms)
#   Decrease number of Java threads
#   Decrease Java thread stack sizes (-Xss)
#   Set larger code cache with -XX:ReservedCodeCacheSize=
#   JVM is running with Unscaled Compressed Oops mode in which the Java heap is
#     placed in the first 4GB address space. The Java Heap base address is the
#     maximum limit for the native heap growth. Please use -XX:HeapBaseMinAddress
#     to set the Java Heap base and to place the Java Heap above 4GB virtual address.
# This output file may be truncated or incomplete.
#
#  Out of Memory Error (allocation.cpp:389), pid=3144, tid=0x0000000000002750
#
# JRE version: OpenJDK Runtime Environment (8.0_242-b01) (build 1.8.0_242-release-1644-b01)
# Java VM: OpenJDK 64-Bit Server VM (25.242-b01 mixed mode windows-amd64 compressed oops)
# Failed to write core dump. Minidumps are not enabled by default on client versions of Windows
#

---------------  T H R E A D  ---------------

Current thread (0x0000000017a4c000):  JavaThread "C2 CompilerThread1" daemon [_thread_in_native, id=10064, stack(0x000000001a230000,0x000000001a330000)]

Stack: [0x000000001a230000,0x000000001a330000]
[error occurred during error reporting (printing stack bounds), id 0xc0000005]

Native frames: (J=compiled Java code, j=interpreted, Vv=VM code, C=native code)


Current CompileTask:
C2:   3384 2434       4       org.codehaus.groovy.runtime.metaclass.MetaMethodIndex::addMethodToList (298 bytes)


---------------  P R O C E S S  ---------------

Java Threads: ( => current thread )
  0x000000001c1df800 JavaThread "Cache worker for execution history cache (C:\Users\nives\.gradle\caches\6.1.1\executionHistory)" [_thread_blocked, id=12576, stack(0x0000000022230000,0x0000000022330000)]
  0x000000001c1d8800 JavaThread "Cache worker for cache directory md-rule (C:\Users\nives\.gradle\caches\6.1.1\md-rule)" [_thread_blocked, id=1960, stack(0x0000000020ea0000,0x0000000020fa0000)]
  0x000000001c1db000 JavaThread "Cache worker for cache directory md-supplier (C:\Users\nives\.gradle\caches\6.1.1\md-supplier)" [_thread_blocked, id=3984, stack(0x0000000020b10000,0x0000000020c10000)]
  0x000000001c1de000 JavaThread "Cache worker for file hash cache (C:\Users\nives\AndroidStudioProjects\Adventure\.gradle\6.1.1\fileHashes)" [_thread_blocked, id=10296, stack(0x0000000020da0000,0x0000000020ea0000)]
  0x000000001c1dd000 JavaThread "Cache worker for checksums cache (C:\Users\nives\AndroidStudioProjects\Adventure\.gradle\checksums)" [_thread_blocked, id=6684, stack(0x0000000020ca0000,0x0000000020da0000)]
  0x000000001c1de800 JavaThread "Cache worker for file hash cache (C:\Users\nives\.gradle\caches\6.1.1\fileHashes)" [_thread_blocked, id=10832, stack(0x000000001e670000,0x000000001e770000)]
  0x000000001c1d9800 JavaThread "File lock request listener" [_thread_in_native, id=12860, stack(0x000000001e570000,0x000000001e670000)]
  0x000000001c2d8800 JavaThread "Cache worker for journal cache (C:\Users\nives\.gradle\caches\journal-1)" [_thread_blocked, id=3524, stack(0x000000001e470000,0x000000001e570000)]
  0x000000001b597800 JavaThread "Thread-9" [_thread_blocked, id=1404, stack(0x000000001e170000,0x000000001e270000)]
  0x000000001c199000 JavaThread "Stdin handler" [_thread_blocked, id=6260, stack(0x000000001e070000,0x000000001e170000)]
  0x000000001c1ca800 JavaThread "Asynchronous log dispatcher for DefaultDaemonConnection: socket connection from /127.0.0.1:61359 to /127.0.0.1:61360" [_thread_blocked, id=11860, stack(0x000000001de70000,0x000000001df70000)]
  0x000000001c1a1800 JavaThread "Daemon worker" [_thread_in_native, id=7320, stack(0x000000001dd70000,0x000000001de70000)]
  0x000000001c228800 JavaThread "Cancel handler" [_thread_blocked, id=12784, stack(0x000000001dc70000,0x000000001dd70000)]
  0x000000001c1a8000 JavaThread "Handler for socket connection from /127.0.0.1:61359 to /127.0.0.1:61360" [_thread_in_native, id=12344, stack(0x000000001d970000,0x000000001da70000)]
  0x000000001c183000 JavaThread "Daemon" [_thread_blocked, id=12036, stack(0x000000001d870000,0x000000001d970000)]
  0x000000001c12b800 JavaThread "Daemon periodic checks" [_thread_blocked, id=7456, stack(0x000000001d770000,0x000000001d870000)]
  0x000000001c10f800 JavaThread "Incoming local TCP Connector on port 61359" [_thread_in_native, id=12648, stack(0x000000001d510000,0x000000001d610000)]
  0x000000001befe800 JavaThread "Daemon health stats" [_thread_blocked, id=10660, stack(0x000000001ced0000,0x000000001cfd0000)]
  0x00000000198e9000 JavaThread "Service Thread" daemon [_thread_blocked, id=11812, stack(0x000000001a530000,0x000000001a630000)]
  0x0000000019860800 JavaThread "C1 CompilerThread3" daemon [_thread_blocked, id=2032, stack(0x000000001a430000,0x000000001a530000)]
  0x0000000017a4e000 JavaThread "C2 CompilerThread2" daemon [_thread_in_native, id=3456, stack(0x000000001a330000,0x000000001a430000)]
=>0x0000000017a4c000 JavaThread "C2 CompilerThread1" daemon [_thread_in_native, id=10064, stack(0x000000001a230000,0x000000001a330000)]
  0x0000000019856000 JavaThread "C2 CompilerThread0" daemon [_thread_in_native, id=7732, stack(0x000000001a130000,0x000000001a230000)]
  0x0000000019854000 JavaThread "Attach Listener" daemon [_thread_blocked, id=11208, stack(0x000000001a030000,0x000000001a130000)]
  0x0000000019853000 JavaThread "Signal Dispatcher" daemon [_thread_blocked, id=12096, stack(0x0000000019f30000,0x000000001a030000)]
  0x0000000019841000 JavaThread "Finalizer" daemon [_thread_blocked, id=11016, stack(0x0000000019d20000,0x0000000019e20000)]
  0x00000000029c7000 JavaThread "Reference Handler" daemon [_thread_blocked, id=3172, stack(0x0000000019c20000,0x0000000019d20000)]
  0x0000000000ede000 JavaThread "main" [_thread_blocked, id=8168, stack(0x00000000027d0000,0x00000000028d0000)]

Other Threads:
  0x0000000017a36800 VMThread [stack: 0x0000000019720000,0x0000000019820000] [id=6760]
  0x00000000198ea000 WatcherThread [stack: 0x000000001a630000,0x000000001a730000] [id=4568]

VM state:not at safepoint (normal execution)

VM Mutex/Monitor currently owned by a thread: None

heap address: 0x0000000080000000, size: 2048 MB, Compressed Oops mode: 32-bit
Narrow klass base: 0x0000000000000000, Narrow klass shift: 3
Compressed class space size: 1073741824 Address: 0x0000000100000000

Heap:
 PSYoungGen      total 74240K, used 66518K [0x00000000d5580000, 0x00000000de480000, 0x0000000100000000)
  eden space 64000K, 90% used [0x00000000d5580000,0x00000000d8e0cf58,0x00000000d9400000)
  from space 10240K, 84% used [0x00000000d9f80000,0x00000000da7e8948,0x00000000da980000)
  to   space 11776K, 0% used [0x00000000d9400000,0x00000000d9400000,0x00000000d9f80000)
 ParOldGen       total 46592K, used 6923K [0x0000000080000000, 0x0000000082d80000, 0x00000000d5580000)
  object space 46592K, 14% used [0x0000000080000000,0x00000000806c2f50,0x0000000082d80000)
 Metaspace       used 31887K, capacity 32696K, committed 32816K, reserved 1077248K
  class space    used 4349K, capacity 4578K, committed 4656K, reserved 1048576K

Card table byte_map: [0x0000000011d90000,0x00000000121a0000] byte_map_base: 0x0000000011990000

Marking Bits: (ParMarkBitMap*) 0x000000005765f030
 Begin Bits: [0x0000000012c50000, 0x0000000014c50000)
 End Bits:   [0x0000000014c50000, 0x0000000016c50000)

Polling page: 0x0000000000eb0000

CodeCache: size=245760Kb used=9665Kb max_used=9665Kb free=236094Kb
 bounds [0x00000000029d0000, 0x0000000003350000, 0x00000000119d0000]
 total_blobs=3186 nmethods=2504 adapters=595
 compilation: enabled

Compilation events (10 events):
Event: 3.378 Thread 0x0000000019860800 2509       3       org.objectweb.asm.FieldWriter::<init> (69 bytes)
Event: 3.378 Thread 0x0000000019860800 nmethod 2509 0x0000000003342d90 code [0x0000000003342f40, 0x0000000003343508]
Event: 3.378 Thread 0x0000000019860800 2510       3       org.objectweb.asm.Frame::setLocal (65 bytes)
Event: 3.379 Thread 0x0000000019860800 nmethod 2510 0x0000000003343710 code [0x00000000033438a0, 0x0000000003343d68]
Event: 3.379 Thread 0x0000000019860800 2511       3       org.objectweb.asm.Frame::setInputFrameFromDescriptor (175 bytes)
Event: 3.379 Thread 0x0000000019860800 nmethod 2511 0x0000000003343f50 code [0x0000000003344120, 0x00000000033449f8]
Event: 3.379 Thread 0x0000000019860800 2513       3       com.google.common.collect.CompactLinkedHashMap::accessEntry (48 bytes)
Event: 3.379 Thread 0x0000000019860800 nmethod 2513 0x0000000003344fd0 code [0x0000000003345160, 0x00000000033454e8]
Event: 3.379 Thread 0x0000000019860800 2512       1       com.google.common.collect.LinkedHashMultimap$ValueSet::access$000 (5 bytes)
Event: 3.379 Thread 0x0000000019860800 nmethod 2512 0x00000000033456d0 code [0x0000000003345820, 0x0000000003345910]

GC Heap History (10 events):
Event: 2.306 GC heap before
{Heap before GC invocations=5 (full 0):
 PSYoungGen      total 37888K, used 37856K [0x00000000d5580000, 0x00000000d9f80000, 0x0000000100000000)
  eden space 32768K, 100% used [0x00000000d5580000,0x00000000d7580000,0x00000000d7580000)
  from space 5120K, 99% used [0x00000000d7a80000,0x00000000d7f78020,0x00000000d7f80000)
  to   space 5120K, 0% used [0x00000000d7580000,0x00000000d7580000,0x00000000d7a80000)
 ParOldGen       total 86016K, used 3956K [0x0000000080000000, 0x0000000085400000, 0x00000000d5580000)
  object space 86016K, 4% used [0x0000000080000000,0x00000000803dd220,0x0000000085400000)
 Metaspace       used 18082K, capacity 18662K, committed 18816K, reserved 1064960K
  class space    used 2480K, capacity 2671K, committed 2688K, reserved 1048576K
Event: 2.311 GC heap after
Heap after GC invocations=5 (full 0):
 PSYoungGen      total 37888K, used 5104K [0x00000000d5580000, 0x00000000da980000, 0x0000000100000000)
  eden space 32768K, 0% used [0x00000000d5580000,0x00000000d5580000,0x00000000d7580000)
  from space 5120K, 99% used [0x00000000d7580000,0x00000000d7a7c030,0x00000000d7a80000)
  to   space 10240K, 0% used [0x00000000d9f80000,0x00000000d9f80000,0x00000000da980000)
 ParOldGen       total 86016K, used 7197K [0x0000000080000000, 0x0000000085400000, 0x00000000d5580000)
  object space 86016K, 8% used [0x0000000080000000,0x00000000807076f8,0x0000000085400000)
 Metaspace       used 18082K, capacity 18662K, committed 18816K, reserved 1064960K
  class space    used 2480K, capacity 2671K, committed 2688K, reserved 1048576K
}
Event: 2.565 GC heap before
{Heap before GC invocations=6 (full 0):
 PSYoungGen      total 37888K, used 37872K [0x00000000d5580000, 0x00000000da980000, 0x0000000100000000)
  eden space 32768K, 100% used [0x00000000d5580000,0x00000000d7580000,0x00000000d7580000)
  from space 5120K, 99% used [0x00000000d7580000,0x00000000d7a7c030,0x00000000d7a80000)
  to   space 10240K, 0% used [0x00000000d9f80000,0x00000000d9f80000,0x00000000da980000)
 ParOldGen       total 86016K, used 7197K [0x0000000080000000, 0x0000000085400000, 0x00000000d5580000)
  object space 86016K, 8% used [0x0000000080000000,0x00000000807076f8,0x0000000085400000)
 Metaspace       used 20585K, capacity 21240K, committed 21296K, reserved 1067008K
  class space    used 2885K, capacity 3088K, committed 3120K, reserved 1048576K
Event: 2.571 GC heap after
Heap after GC invocations=6 (full 0):
 PSYoungGen      total 74752K, used 8565K [0x00000000d5580000, 0x00000000dab80000, 0x0000000100000000)
  eden space 64512K, 0% used [0x00000000d5580000,0x00000000d5580000,0x00000000d9480000)
  from space 10240K, 83% used [0x00000000d9f80000,0x00000000da7dd6c8,0x00000000da980000)
  to   space 11264K, 0% used [0x00000000d9480000,0x00000000d9480000,0x00000000d9f80000)
 ParOldGen       total 86016K, used 7205K [0x0000000080000000, 0x0000000085400000, 0x00000000d5580000)
  object space 86016K, 8% used [0x0000000080000000,0x00000000807096f8,0x0000000085400000)
 Metaspace       used 20585K, capacity 21240K, committed 21296K, reserved 1067008K
  class space    used 2885K, capacity 3088K, committed 3120K, reserved 1048576K
}
Event: 2.577 GC heap before
{Heap before GC invocations=7 (full 0):
 PSYoungGen      total 74752K, used 10528K [0x00000000d5580000, 0x00000000dab80000, 0x0000000100000000)
  eden space 64512K, 3% used [0x00000000d5580000,0x00000000d576aa80,0x00000000d9480000)
  from space 10240K, 83% used [0x00000000d9f80000,0x00000000da7dd6c8,0x00000000da980000)
  to   space 11264K, 0% used [0x00000000d9480000,0x00000000d9480000,0x00000000d9f80000)
 ParOldGen       total 86016K, used 7205K [0x0000000080000000, 0x0000000085400000, 0x00000000d5580000)
  object space 86016K, 8% used [0x0000000080000000,0x00000000807096f8,0x0000000085400000)
 Metaspace       used 20649K, capacity 21272K, committed 21296K, reserved 1067008K
  class space    used 2896K, capacity 3120K, committed 3120K, reserved 1048576K
Event: 2.581 GC heap after
Heap after GC invocations=7 (full 0):
 PSYoungGen      total 75776K, used 4020K [0x00000000d5580000, 0x00000000dab80000, 0x0000000100000000)
  eden space 64512K, 0% used [0x00000000d5580000,0x00000000d5580000,0x00000000d9480000)
  from space 11264K, 35% used [0x00000000d9480000,0x00000000d986d040,0x00000000d9f80000)
  to   space 10240K, 0% used [0x00000000d9f80000,0x00000000d9f80000,0x00000000da980000)
 ParOldGen       total 86016K, used 9557K [0x0000000080000000, 0x0000000085400000, 0x00000000d5580000)
  object space 86016K, 11% used [0x0000000080000000,0x0000000080955768,0x0000000085400000)
 Metaspace       used 20649K, capacity 21272K, committed 21296K, reserved 1067008K
  class space    used 2896K, capacity 3120K, committed 3120K, reserved 1048576K
}
Event: 2.581 GC heap before
{Heap before GC invocations=8 (full 1):
 PSYoungGen      total 75776K, used 4020K [0x00000000d5580000, 0x00000000dab80000, 0x0000000100000000)
  eden space 64512K, 0% used [0x00000000d5580000,0x00000000d5580000,0x00000000d9480000)
  from space 11264K, 35% used [0x00000000d9480000,0x00000000d986d040,0x00000000d9f80000)
  to   space 10240K, 0% used [0x00000000d9f80000,0x00000000d9f80000,0x00000000da980000)
 ParOldGen       total 86016K, used 9557K [0x0000000080000000, 0x0000000085400000, 0x00000000d5580000)
  object space 86016K, 11% used [0x0000000080000000,0x0000000080955768,0x0000000085400000)
 Metaspace       used 20649K, capacity 21272K, committed 21296K, reserved 1067008K
  class space    used 2896K, capacity 3120K, committed 3120K, reserved 1048576K
Event: 2.604 GC heap after
Heap after GC invocations=8 (full 1):
 PSYoungGen      total 75776K, used 0K [0x00000000d5580000, 0x00000000dab80000, 0x0000000100000000)
  eden space 64512K, 0% used [0x00000000d5580000,0x00000000d5580000,0x00000000d9480000)
  from space 11264K, 0% used [0x00000000d9480000,0x00000000d9480000,0x00000000d9f80000)
  to   space 10240K, 0% used [0x00000000d9f80000,0x00000000d9f80000,0x00000000da980000)
 ParOldGen       total 46592K, used 6915K [0x0000000080000000, 0x0000000082d80000, 0x00000000d5580000)
  object space 46592K, 14% used [0x0000000080000000,0x00000000806c0f50,0x0000000082d80000)
 Metaspace       used 20649K, capacity 21272K, committed 21296K, reserved 1067008K
  class space    used 2896K, capacity 3120K, committed 3120K, reserved 1048576K
}
Event: 3.038 GC heap before
{Heap before GC invocations=9 (full 1):
 PSYoungGen      total 75776K, used 64357K [0x00000000d5580000, 0x00000000dab80000, 0x0000000100000000)
  eden space 64512K, 99% used [0x00000000d5580000,0x00000000d94597a0,0x00000000d9480000)
  from space 11264K, 0% used [0x00000000d9480000,0x00000000d9480000,0x00000000d9f80000)
  to   space 10240K, 0% used [0x00000000d9f80000,0x00000000d9f80000,0x00000000da980000)
 ParOldGen       total 46592K, used 6915K [0x0000000080000000, 0x0000000082d80000, 0x00000000d5580000)
  object space 46592K, 14% used [0x0000000080000000,0x00000000806c0f50,0x0000000082d80000)
 Metaspace       used 28224K, capacity 28928K, committed 29232K, reserved 1075200K
  class space    used 3899K, capacity 4131K, committed 4144K, reserved 1048576K
Event: 3.042 GC heap after
Heap after GC invocations=9 (full 1):
 PSYoungGen      total 74240K, used 8610K [0x00000000d5580000, 0x00000000de480000, 0x0000000100000000)
  eden space 64000K, 0% used [0x00000000d5580000,0x00000000d5580000,0x00000000d9400000)
  from space 10240K, 84% used [0x00000000d9f80000,0x00000000da7e8948,0x00000000da980000)
  to   space 11776K, 0% used [0x00000000d9400000,0x00000000d9400000,0x00000000d9f80000)
 ParOldGen       total 46592K, used 6923K [0x0000000080000000, 0x0000000082d80000, 0x00000000d5580000)
  object space 46592K, 14% used [0x0000000080000000,0x00000000806c2f50,0x0000000082d80000)
 Metaspace       used 28224K, capacity 28928K, committed 29232K, reserved 1075200K
  class space    used 3899K, capacity 4131K, committed 4144K, reserved 1048576K
}

Deoptimization events (10 events):
Event: 3.025 Thread 0x000000001c1a1800 Uncommon trap: reason=unstable_if action=reinterpret pc=0x0000000002ea51f8 method=java.lang.String.regionMatches(ZILjava/lang/String;II)Z @ 41
Event: 3.031 Thread 0x000000001c1a1800 Uncommon trap: reason=class_check action=maybe_recompile pc=0x00000000030cc4c4 method=sun.misc.URLClassPath.getLoader(I)Lsun/misc/URLClassPath$Loader; @ 239
Event: 3.043 Thread 0x00000000029c7000 Uncommon trap: reason=unstable_if action=reinterpret pc=0x0000000002ee907c method=java.lang.ref.Reference.tryHandlePending(Z)Z @ 104
Event: 3.168 Thread 0x000000001c1a1800 Uncommon trap: reason=unstable_if action=reinterpret pc=0x0000000002c2b10c method=java.util.HashMap.getNode(ILjava/lang/Object;)Ljava/util/HashMap$Node; @ 53
Event: 3.168 Thread 0x000000001c1a1800 Uncommon trap: reason=unstable_if action=reinterpret pc=0x0000000002e65ab8 method=java.util.HashMap.hash(Ljava/lang/Object;)I @ 1
Event: 3.222 Thread 0x000000001c1a1800 Uncommon trap: reason=unstable_if action=reinterpret pc=0x0000000003276db8 method=org.gradle.internal.reflect.PropertyAccessorType.isGetGetterName(Ljava/lang/String;)Z @ 14
Event: 3.243 Thread 0x000000001c1a1800 Uncommon trap: reason=unstable_if action=reinterpret pc=0x000000000310a3c0 method=org.objectweb.asm.ByteVector.putShort(I)Lorg/objectweb/asm/ByteVector; @ 13
Event: 3.288 Thread 0x000000001c1a1800 Uncommon trap: reason=class_check action=maybe_recompile pc=0x00000000030cc190 method=sun.misc.URLClassPath.getLoader(I)Lsun/misc/URLClassPath$Loader; @ 94
Event: 3.292 Thread 0x000000001c1a1800 Uncommon trap: reason=class_check action=maybe_recompile pc=0x00000000030c1874 method=sun.misc.URLClassPath.getLoader(I)Lsun/misc/URLClassPath$Loader; @ 239
Event: 3.360 Thread 0x000000001c1a1800 Uncommon trap: reason=unstable_if action=reinterpret pc=0x000000000310c714 method=java.util.WeakHashMap.put(Ljava/lang/Object;Ljava/lang/Object;)Ljava/lang/Object; @ 59

Classes redefined (0 events):
No events

Internal exceptions (10 events):
Event: 3.356 Thread 0x000000001c1a1800 Exception <a 'java/lang/ClassNotFoundException': org/gradle/api/internal/DefaultNamedDomainObjectCollectionBeanInfo> (0x00000000d879b380) thrown at [C:\src\AOSP-openjdk-git\hotspot\src\share\vm\classfile\systemDictionary.cpp, line 210]
Event: 3.356 Thread 0x000000001c1a1800 Exception <a 'java/lang/ClassNotFoundException': org/gradle/api/internal/DefaultDomainObjectCollectionBeanInfo> (0x00000000d87d0e00) thrown at [C:\src\AOSP-openjdk-git\hotspot\src\share\vm\classfile\systemDictionary.cpp, line 210]
Event: 3.357 Thread 0x000000001c1a1800 Exception <a 'java/lang/ClassNotFoundException': java/util/AbstractCollectionBeanInfo> (0x00000000d87d5558) thrown at [C:\src\AOSP-openjdk-git\hotspot\src\share\vm\classfile\systemDictionary.cpp, line 210]
Event: 3.357 Thread 0x000000001c1a1800 Exception <a 'java/lang/ClassNotFoundException': java/util/AbstractCollectionCustomizer> (0x00000000d87d9cc0) thrown at [C:\src\AOSP-openjdk-git\hotspot\src\share\vm\classfile\systemDictionary.cpp, line 210]
Event: 3.358 Thread 0x000000001c1a1800 Exception <a 'java/lang/ClassNotFoundException': org/gradle/api/internal/DefaultDomainObjectCollectionCustomizer> (0x00000000d881b028) thrown at [C:\src\AOSP-openjdk-git\hotspot\src\share\vm\classfile\systemDictionary.cpp, line 210]
Event: 3.360 Thread 0x000000001c1a1800 Exception <a 'java/lang/ClassNotFoundException': org/gradle/api/internal/DefaultNamedDomainObjectCollectionCustomizer> (0x00000000d887a998) thrown at [C:\src\AOSP-openjdk-git\hotspot\src\share\vm\classfile\systemDictionary.cpp, line 210]
Event: 3.362 Thread 0x000000001c1a1800 Exception <a 'java/lang/ClassNotFoundException': org/gradle/api/internal/DefaultNamedDomainObjectListCustomizer> (0x00000000d88f0cb8) thrown at [C:\src\AOSP-openjdk-git\hotspot\src\share\vm\classfile\systemDictionary.cpp, line 210]
Event: 3.363 Thread 0x000000001c1a1800 Exception <a 'java/lang/ClassNotFoundException': org/gradle/api/internal/artifacts/DefaultArtifactRepositoryContainerCustomizer> (0x00000000d8968830) thrown at [C:\src\AOSP-openjdk-git\hotspot\src\share\vm\classfile\systemDictionary.cpp, line 210]
Event: 3.364 Thread 0x000000001c1a1800 Exception <a 'java/lang/ClassNotFoundException': org/gradle/api/internal/artifacts/dsl/DefaultRepositoryHandlerCustomizer> (0x00000000d89d06b0) thrown at [C:\src\AOSP-openjdk-git\hotspot\src\share\vm\classfile\systemDictionary.cpp, line 210]
Event: 3.367 Thread 0x000000001c1a1800 Exception <a 'java/lang/ClassNotFoundException': org/gradle/api/internal/artifacts/dsl/DefaultRepositoryHandler_DecoratedCustomizer> (0x00000000d8a4ef80) thrown at [C:\src\AOSP-openjdk-git\hotspot\src\share\vm\classfile\systemDictionary.cpp, line 210]

Events (10 events):
Event: 3.381 loading class org/gradle/api/internal/NoFactoryRegisteredForTypeException
Event: 3.381 loading class org/gradle/api/internal/NoFactoryRegisteredForTypeException done
Event: 3.381 loading class org/gradle/api/internal/DefaultPolymorphicDomainObjectContainer$2
Event: 3.381 loading class org/gradle/api/internal/DefaultPolymorphicDomainObjectContainer$2 done
Event: 3.382 loading class org/gradle/api/internal/artifacts/repositories/RepositoryContentDescriptorInternal
Event: 3.382 loading class org/gradle/api/internal/artifacts/repositories/RepositoryContentDescriptorInternal done
Event: 3.382 loading class org/gradle/api/artifacts/repositories/RepositoryContentDescriptor
Event: 3.382 loading class org/gradle/api/artifacts/repositories/RepositoryContentDescriptor done
Event: 3.382 loading class org/gradle/api/artifacts/repositories/RepositoryResourceAccessor
Event: 3.382 loading class org/gradle/api/artifacts/repositories/RepositoryResourceAccessor done


Dynamic libraries:
0x00007ff6567c0000 - 0x00007ff6567f1000 	C:\Program Files\Android\Android Studio\jre\bin\java.exe
0x00007ffc8ba80000 - 0x00007ffc8bc70000 	C:\Windows\SYSTEM32\ntdll.dll
0x00007ffc8b880000 - 0x00007ffc8b932000 	C:\Windows\System32\KERNEL32.DLL
0x00007ffc89530000 - 0x00007ffc897d4000 	C:\Windows\System32\KERNELBASE.dll
0x00007ffc89b30000 - 0x00007ffc89bd3000 	C:\Windows\System32\ADVAPI32.dll
0x00007ffc8b630000 - 0x00007ffc8b6ce000 	C:\Windows\System32\msvcrt.dll
0x00007ffc8a4b0000 - 0x00007ffc8a547000 	C:\Windows\System32\sechost.dll
0x00007ffc8b6d0000 - 0x00007ffc8b7f0000 	C:\Windows\System32\RPCRT4.dll
0x00007ffc8a2b0000 - 0x00007ffc8a444000 	C:\Windows\System32\USER32.dll
0x00007ffc89460000 - 0x00007ffc89481000 	C:\Windows\System32\win32u.dll
0x00007ffc8a990000 - 0x00007ffc8a9b6000 	C:\Windows\System32\GDI32.dll
0x00007ffc89860000 - 0x00007ffc899f5000 	C:\Windows\System32\gdi32full.dll
0x00007ffc89490000 - 0x00007ffc8952e000 	C:\Windows\System32\msvcp_win.dll
0x00007ffc88be0000 - 0x00007ffc88cda000 	C:\Windows\System32\ucrtbase.dll
0x00007ffc74e10000 - 0x00007ffc75094000 	C:\Windows\WinSxS\amd64_microsoft.windows.common-controls_6595b64144ccf1df_6.0.18362.900_none_e6beb9d913147d17\COMCTL32.dll
0x00007ffc8a9c0000 - 0x00007ffc8acf5000 	C:\Windows\System32\combase.dll
0x00007ffc88b60000 - 0x00007ffc88be0000 	C:\Windows\System32\bcryptPrimitives.dll
0x00007ffc8ba10000 - 0x00007ffc8ba3e000 	C:\Windows\System32\IMM32.DLL
0x0000000057ef0000 - 0x0000000057fc2000 	C:\Program Files\Android\Android Studio\jre\jre\bin\msvcr100.dll
0x0000000056e90000 - 0x00000000576db000 	C:\Program Files\Android\Android Studio\jre\jre\bin\server\jvm.dll
0x00007ffc8b7f0000 - 0x00007ffc8b7f8000 	C:\Windows\System32\PSAPI.DLL
0x00007ffc86ab0000 - 0x00007ffc86ab9000 	C:\Windows\SYSTEM32\WSOCK32.dll
0x00007ffc86820000 - 0x00007ffc86844000 	C:\Windows\SYSTEM32\WINMM.dll
0x00007ffc81ca0000 - 0x00007ffc81caa000 	C:\Windows\SYSTEM32\VERSION.dll
0x00007ffc8a550000 - 0x00007ffc8a5bf000 	C:\Windows\System32\WS2_32.dll
0x00007ffc862d0000 - 0x00007ffc862fd000 	C:\Windows\SYSTEM32\winmmbase.dll
0x00007ffc89ae0000 - 0x00007ffc89b2a000 	C:\Windows\System32\cfgmgr32.dll
0x00007ffc86a90000 - 0x00007ffc86a9f000 	C:\Program Files\Android\Android Studio\jre\jre\bin\verify.dll
0x00007ffc7d5a0000 - 0x00007ffc7d5c9000 	C:\Program Files\Android\Android Studio\jre\jre\bin\java.dll
0x00007ffc7d550000 - 0x00007ffc7d566000 	C:\Program Files\Android\Android Studio\jre\jre\bin\zip.dll
0x00007ffc8af30000 - 0x00007ffc8b616000 	C:\Windows\System32\SHELL32.dll
0x00007ffc8ae80000 - 0x00007ffc8af29000 	C:\Windows\System32\shcore.dll
0x00007ffc88ce0000 - 0x00007ffc89460000 	C:\Windows\System32\windows.storage.dll
0x00007ffc88970000 - 0x00007ffc88993000 	C:\Windows\System32\profapi.dll
0x00007ffc889c0000 - 0x00007ffc88a0a000 	C:\Windows\System32\powrprof.dll
0x00007ffc88940000 - 0x00007ffc88950000 	C:\Windows\System32\UMPDC.dll
0x00007ffc8ad70000 - 0x00007ffc8adc2000 	C:\Windows\System32\shlwapi.dll
0x00007ffc88950000 - 0x00007ffc88961000 	C:\Windows\System32\kernel.appcore.dll
0x00007ffc89840000 - 0x00007ffc89857000 	C:\Windows\System32\cryptsp.dll
0x00007ffc7e840000 - 0x00007ffc7e85a000 	C:\Program Files\Android\Android Studio\jre\jre\bin\net.dll
0x00007ffc88150000 - 0x00007ffc881b7000 	C:\Windows\system32\mswsock.dll
0x00007ffc7e820000 - 0x00007ffc7e833000 	C:\Program Files\Android\Android Studio\jre\jre\bin\nio.dll
0x00007ffc65f90000 - 0x00007ffc65fb6000 	C:\Users\nives\.gradle\native\31\windows-amd64\native-platform.dll
0x00007ffc868d0000 - 0x00007ffc868dd000 	C:\Program Files\Android\Android Studio\jre\jre\bin\management.dll
0x00007ffc87cc0000 - 0x00007ffc87cf3000 	C:\Windows\system32\rsaenh.dll
0x00007ffc89a00000 - 0x00007ffc89a26000 	C:\Windows\System32\bcrypt.dll
0x00007ffc88830000 - 0x00007ffc88855000 	C:\Windows\SYSTEM32\USERENV.dll
0x00007ffc88320000 - 0x00007ffc8832c000 	C:\Windows\SYSTEM32\CRYPTBASE.dll
0x00007ffc87e60000 - 0x00007ffc87e9a000 	C:\Windows\SYSTEM32\IPHLPAPI.DLL
0x00007ffc8adf0000 - 0x00007ffc8adf8000 	C:\Windows\System32\NSI.dll
0x00007ffc83c60000 - 0x00007ffc83c76000 	C:\Windows\SYSTEM32\dhcpcsvc6.DLL
0x00007ffc83c40000 - 0x00007ffc83c5c000 	C:\Windows\SYSTEM32\dhcpcsvc.DLL
0x00007ffc87ea0000 - 0x00007ffc87f6b000 	C:\Windows\SYSTEM32\DNSAPI.dll

VM Arguments:
jvm_args: -Xmx2048m -Dfile.encoding=windows-1252 -Duser.country=BR -Duser.language=pt -Duser.variant 
java_command: org.gradle.launcher.daemon.bootstrap.GradleDaemon 6.1.1
java_class_path (initial): C:\Users\nives\.gradle\wrapper\dists\gradle-6.1.1-all\cfmwm155h49vnt3hynmlrsdst\gradle-6.1.1\lib\gradle-launcher-6.1.1.jar
Launcher Type: SUN_STANDARD

Environment Variables:
JAVA_HOME=C:\Program Files\AdoptOpenJDK\jdk-14.0.1.7-hotspot\
PATH=C:\Program Files\AdoptOpenJDK\jdk-14.0.1.7-hotspot\bin;C:\Program Files\NVIDIA GPU Computing Toolkit\CUDA\v10.1\bin;C:\Program Files\NVIDIA GPU Computing Toolkit\CUDA\v10.1\libnvvp;C:\Program Files\NVIDIA GPU Computing Toolkit\CUDA\v10.1\include;C:\Program Files (x86)\Common Files\Oracle\Java\javapath;C:\Windows\system32;C:\Windows;C:\Windows\System32\Wbem;C:\Windows\System32\WindowsPowerShell\v1.0\;C:\Windows\System32\OpenSSH\;C:\Program Files (x86)\NVIDIA Corporation\PhysX\Common;C:\Program Files\Docker\Docker\resources\bin;C:\ProgramData\DockerDesktop\version-bin;C:\Program Files\Git\cmd;C:\Program Files\NVIDIA Corporation\Nsight Compute 2019.4.0\;C:\Program Files (x86)\Graphviz2.38\bin\;C:\Users\nives\AppData\Local\Programs\Python\Python38\Scripts\;C:\Users\nives\AppData\Local\Programs\Python\Python38\;C:\Users\nives\AppData\Local\Programs\Python\Launcher\;C:\Users\nives\AppData\Local\Microsoft\WindowsApps;C:\Users\nives\AppData\Local\Programs\Microsoft VS Code\bin;C:\MinGW\bin;C:\Users\nives\AppData\Local\Programs\Python\Python38\Lib\site-packages\graphviz;
USERNAME=nivestar
OS=Windows_NT
PROCESSOR_IDENTIFIER=Intel64 Family 6 Model 158 Stepping 10, GenuineIntel



---------------  S Y S T E M  ---------------

OS: Windows 10.0 , 64 bit Build 18362 (10.0.18362.900)

CPU:total 8 (initial active 8) (4 cores per cpu, 2 threads per core) family 6 model 158 stepping 10, cmov, cx8, fxsr, mmx, sse, sse2, sse3, ssse3, sse4.1, sse4.2, popcnt, avx, avx2, aes, clmul, erms, 3dnowpref, lzcnt, ht, tsc, tscinvbit, bmi1, bmi2, adx

Memory: 4k page, physical 8227124k(774452k free), swap 10172724k(5172k free)

vm_info: OpenJDK 64-Bit Server VM (25.242-b01) for windows-amd64 JRE (1.8.0_242-release-1644-b01), built by "builder" with MS VC++ 10.0 (VS2010)

time: Wed Jul 15 00:43:59 2020
timezone: UTC-02
elapsed time: 3 seconds (0d 0h 0m 3s)

