#
# There is insufficient memory for the Java Runtime Environment to continue.
# Native memory allocation (malloc) failed to allocate 1101376 bytes for Chunk::new
# Possible reasons:
#   The system is out of physical RAM or swap space
#   The process is running with CompressedOops enabled, and the Java Heap may be blocking the growth of the native heap
# Possible solutions:
#   Reduce memory load on the system
#   Increase physical memory or swap space
#   Check if swap backing store is full
#   Decrease Java heap size (-Xmx/-Xms)
#   Decrease number of Java threads
#   Decrease Java thread stack sizes (-Xss)
#   Set larger code cache with -XX:ReservedCodeCacheSize=
#   JVM is running with Unscaled Compressed Oops mode in which the Java heap is
#     placed in the first 4GB address space. The Java Heap base address is the
#     maximum limit for the native heap growth. Please use -XX:HeapBaseMinAddress
#     to set the Java Heap base and to place the Java Heap above 4GB virtual address.
# This output file may be truncated or incomplete.
#
#  Out of Memory Error (allocation.cpp:389), pid=9884, tid=0x000000000000249c
#
# JRE version: OpenJDK Runtime Environment (8.0_242-b01) (build 1.8.0_242-release-1644-b01)
# Java VM: OpenJDK 64-Bit Server VM (25.242-b01 mixed mode windows-amd64 compressed oops)
# Failed to write core dump. Minidumps are not enabled by default on client versions of Windows
#

---------------  T H R E A D  ---------------

Current thread (0x0000000018e48800):  JavaThread "C2 CompilerThread1" daemon [_thread_in_native, id=9372, stack(0x0000000019820000,0x0000000019920000)]

Stack: [0x0000000019820000,0x0000000019920000]
[error occurred during error reporting (printing stack bounds), id 0xc0000005]

Native frames: (J=compiled Java code, j=interpreted, Vv=VM code, C=native code)


Current CompileTask:
C2:5631364 23691 %     4       com.android.tools.r8.ir.regalloc.a::a @ 868 (952 bytes)


---------------  P R O C E S S  ---------------

Java Threads: ( => current thread )
  0x000000002727a000 JavaThread "ForkJoinPool.commonPool-worker-0" daemon [_thread_blocked, id=13044, stack(0x000000001d760000,0x000000001d860000)]
  0x0000000027271800 JavaThread "ForkJoinPool.commonPool-worker-7" daemon [_thread_blocked, id=4232, stack(0x000000002f7b0000,0x000000002f8b0000)]
  0x0000000027274800 JavaThread "ForkJoinPool.commonPool-worker-5" daemon [_thread_blocked, id=1896, stack(0x000000002f5b0000,0x000000002f6b0000)]
  0x0000000027273800 JavaThread "ForkJoinPool.commonPool-worker-4" daemon [_thread_blocked, id=13776, stack(0x000000002f4b0000,0x000000002f5b0000)]
  0x000000001ee70000 JavaThread "ForkJoinPool.commonPool-worker-3" daemon [_thread_blocked, id=10020, stack(0x000000002f3b0000,0x000000002f4b0000)]
  0x000000001ee71000 JavaThread "ForkJoinPool.commonPool-worker-2" daemon [_thread_blocked, id=9964, stack(0x000000002f2b0000,0x000000002f3b0000)]
  0x000000001ee66000 JavaThread "ForkJoinPool.commonPool-worker-1" daemon [_thread_blocked, id=11500, stack(0x000000002f1b0000,0x000000002f2b0000)]
  0x00000000212bf000 JavaThread "Cache worker for Java compile cache (C:\Users\nives\Documents\adventure android\Adventure\.gradle\6.1.1\javaCompile)" [_thread_blocked, id=4468, stack(0x000000002e2b0000,0x000000002e3b0000)]
  0x00000000212b4800 JavaThread "Cache worker for Java compile cache (C:\Users\nives\.gradle\caches\6.1.1\javaCompile)" [_thread_blocked, id=13288, stack(0x000000002c570000,0x000000002c670000)]
  0x00000000212bb800 JavaThread "WorkerExecutor Queue Thread 11" [_thread_blocked, id=10412, stack(0x000000002e1b0000,0x000000002e2b0000)]
  0x00000000212ba800 JavaThread "WorkerExecutor Queue Thread 10" [_thread_in_native, id=2300, stack(0x000000002dcb0000,0x000000002ddb0000)]
  0x00000000212ba000 JavaThread "stdout" [_thread_in_native, id=1692, stack(0x000000002dbb0000,0x000000002dcb0000)]
  0x00000000212b7800 JavaThread "stderr" [_thread_in_native, id=1516, stack(0x000000002d420000,0x000000002d520000)]
  0x00000000212b9000 JavaThread "stdout" [_thread_in_native, id=9736, stack(0x000000002c670000,0x000000002c770000)]
  0x00000000212b7000 JavaThread "stderr" [_thread_in_native, id=1028, stack(0x000000002c470000,0x000000002c570000)]
  0x00000000212b1800 JavaThread "stdout" [_thread_in_native, id=11272, stack(0x000000002dab0000,0x000000002dbb0000)]
  0x00000000212b8800 JavaThread "stderr" [_thread_in_native, id=5560, stack(0x000000002d9b0000,0x000000002dab0000)]
  0x00000000212b1000 JavaThread "stdout" [_thread_in_native, id=3720, stack(0x000000002d8b0000,0x000000002d9b0000)]
  0x00000000212b6000 JavaThread "stderr" [_thread_in_native, id=4820, stack(0x000000002d530000,0x000000002d630000)]
  0x00000000212b4000 JavaThread "stdout" [_thread_in_native, id=10644, stack(0x000000002d7b0000,0x000000002d8b0000)]
  0x00000000212b5800 JavaThread "stderr" [_thread_in_native, id=10192, stack(0x000000002d6b0000,0x000000002d7b0000)]
  0x00000000212b2800 JavaThread "MarlinRenderer Disposer" daemon [_thread_blocked, id=1916, stack(0x000000002d320000,0x000000002d420000)]
  0x000000001ee6f800 JavaThread "Java2D Disposer" daemon [_thread_blocked, id=3196, stack(0x000000002cf70000,0x000000002d070000)]
  0x000000001ee6e800 JavaThread "stdout" [_thread_in_native, id=8608, stack(0x000000002cc70000,0x000000002cd70000)]
  0x000000001ee6b800 JavaThread "stderr" [_thread_in_native, id=12068, stack(0x000000002cb70000,0x000000002cc70000)]
  0x000000001ee6e000 JavaThread "stdout" [_thread_in_native, id=13676, stack(0x000000002ca70000,0x000000002cb70000)]
  0x000000001ee6c800 JavaThread "stderr" [_thread_in_native, id=1088, stack(0x000000002c970000,0x000000002ca70000)]
  0x000000001ee71800 JavaThread "stdout" [_thread_in_native, id=5312, stack(0x000000002c870000,0x000000002c970000)]
  0x000000001ee6d000 JavaThread "stderr" [_thread_in_native, id=14248, stack(0x000000002c770000,0x000000002c870000)]
  0x000000001ee6a000 JavaThread "WorkerExecutor Queue Thread 6" [_thread_blocked, id=3028, stack(0x000000002c370000,0x000000002c470000)]
  0x000000001ee62800 JavaThread "WorkerExecutor Queue Thread 5" [_thread_blocked, id=11840, stack(0x000000002c270000,0x000000002c370000)]
  0x000000001ee69800 JavaThread "WorkerExecutor Queue Thread 4" [_thread_blocked, id=10920, stack(0x000000002c170000,0x000000002c270000)]
  0x000000001ee68800 JavaThread "WorkerExecutor Queue Thread 3" [_thread_blocked, id=6956, stack(0x000000002c070000,0x000000002c170000)]
  0x000000001ee64800 JavaThread "WorkerExecutor Queue Thread 2" [_thread_blocked, id=12628, stack(0x000000002bc70000,0x000000002bd70000)]
  0x000000001ee65800 JavaThread "pool-11-thread-1" [_thread_blocked, id=12916, stack(0x000000002bd70000,0x000000002be70000)]
  0x000000001bbed000 JavaThread "WorkerExecutor Queue" [_thread_blocked, id=5244, stack(0x000000002ba70000,0x000000002bb70000)]
  0x000000001bbea800 JavaThread "Cache worker for execution history cache (C:\Users\nives\Documents\adventure android\Adventure\.gradle\6.1.1\executionHistory)" [_thread_blocked, id=2948, stack(0x000000002b970000,0x000000002ba70000)]
  0x000000001bbea000 JavaThread "Execution worker for ':' Thread 7" [_thread_blocked, id=6192, stack(0x000000002b870000,0x000000002b970000)]
  0x000000001bbed800 JavaThread "Execution worker for ':' Thread 6" [_thread_blocked, id=13008, stack(0x000000002b570000,0x000000002b670000)]
  0x000000002067c800 JavaThread "Execution worker for ':' Thread 5" [_thread_blocked, id=7152, stack(0x000000002b470000,0x000000002b570000)]
  0x000000002067b800 JavaThread "Execution worker for ':' Thread 4" [_thread_blocked, id=6208, stack(0x000000002a3a0000,0x000000002a4a0000)]
  0x000000002067b000 JavaThread "Execution worker for ':' Thread 3" [_thread_blocked, id=10672, stack(0x000000002a2a0000,0x000000002a3a0000)]
  0x0000000020672800 JavaThread "Execution worker for ':' Thread 2" [_thread_blocked, id=8520, stack(0x000000002a1a0000,0x000000002a2a0000)]
  0x0000000020679800 JavaThread "Execution worker for ':'" [_thread_blocked, id=10336, stack(0x0000000028ea0000,0x0000000028fa0000)]
  0x0000000020672000 JavaThread "Cache worker for file content cache (C:\Users\nives\Documents\adventure android\Adventure\.gradle\6.1.1\fileContent)" [_thread_blocked, id=12368, stack(0x0000000028da0000,0x0000000028ea0000)]
  0x0000000020677000 JavaThread "Cache worker for file content cache (C:\Users\nives\.gradle\caches\6.1.1\fileContent)" [_thread_blocked, id=13656, stack(0x00000000289f0000,0x0000000028af0000)]
  0x0000000020676800 JavaThread "Memory manager" [_thread_blocked, id=6396, stack(0x00000000288f0000,0x00000000289f0000)]
  0x0000000020678800 JavaThread "Cache worker for Build Output Cleanup Cache (C:\Users\nives\Documents\adventure android\Adventure\.gradle\buildOutputCleanup)" [_thread_blocked, id=9376, stack(0x00000000287f0000,0x00000000288f0000)]
  0x0000000020675800 JavaThread "Build operations Thread 8" [_thread_blocked, id=9808, stack(0x00000000286f0000,0x00000000287f0000)]
  0x0000000020678000 JavaThread "Build operations Thread 7" [_thread_blocked, id=14108, stack(0x0000000028150000,0x0000000028250000)]
  0x0000000020670800 JavaThread "Build operations Thread 6" [_thread_blocked, id=4512, stack(0x0000000026330000,0x0000000026430000)]
  0x000000002112b800 JavaThread "Build operations Thread 5" [_thread_blocked, id=9212, stack(0x0000000024380000,0x0000000024480000)]
  0x000000002112a800 JavaThread "Build operations Thread 4" [_thread_blocked, id=12732, stack(0x0000000023680000,0x0000000023780000)]
  0x000000002112a000 JavaThread "Build operations Thread 3" [_thread_blocked, id=8388, stack(0x0000000022f80000,0x0000000023080000)]
  0x000000002112d000 JavaThread "Build operations Thread 2" [_thread_blocked, id=14116, stack(0x0000000022e80000,0x0000000022f80000)]
  0x000000002112c000 JavaThread "Build operations" [_thread_blocked, id=11724, stack(0x0000000022d80000,0x0000000022e80000)]
  0x000000002112e800 JavaThread "Cache worker for cache directory md-rule (C:\Users\nives\.gradle\caches\6.1.1\md-rule)" [_thread_blocked, id=13920, stack(0x0000000022850000,0x0000000022950000)]
  0x0000000021122800 JavaThread "Cache worker for cache directory md-supplier (C:\Users\nives\.gradle\caches\6.1.1\md-supplier)" [_thread_blocked, id=7444, stack(0x0000000022750000,0x0000000022850000)]
  0x0000000021129000 JavaThread "Cache worker for file hash cache (C:\Users\nives\Documents\adventure android\Adventure\.gradle\6.1.1\fileHashes)" [_thread_blocked, id=10812, stack(0x0000000022650000,0x0000000022750000)]
  0x0000000021128800 JavaThread "Cache worker for checksums cache (C:\Users\nives\Documents\adventure android\Adventure\.gradle\checksums)" [_thread_blocked, id=13600, stack(0x0000000021650000,0x0000000021750000)]
  0x0000000021127000 JavaThread "Thread-70" [_thread_blocked, id=10016, stack(0x0000000021550000,0x0000000021650000)]
  0x0000000021127800 JavaThread "Asynchronous log dispatcher for DefaultDaemonConnection: socket connection from /127.0.0.1:51860 to /127.0.0.1:52374" [_thread_blocked, id=14072, stack(0x000000001d660000,0x000000001d760000)]
  0x0000000021123000 JavaThread "Daemon worker Thread 4" [_thread_blocked, id=9696, stack(0x000000001d260000,0x000000001d360000)]
  0x0000000021121000 JavaThread "Cancel handler" [_thread_blocked, id=4080, stack(0x000000001cf60000,0x000000001d060000)]
  0x000000002111f800 JavaThread "Handler for socket connection from /127.0.0.1:51860 to /127.0.0.1:52374" [_thread_in_native, id=14332, stack(0x000000001ce60000,0x000000001cf60000)]
  0x0000000021126000 JavaThread "Daemon Thread 4" [_thread_blocked, id=12976, stack(0x00000000013c0000,0x00000000014c0000)]
  0x000000001bbeb800 JavaThread "Cache worker for execution history cache (C:\Users\nives\.gradle\caches\6.1.1\executionHistory)" [_thread_blocked, id=9576, stack(0x0000000021750000,0x0000000021850000)]
  0x000000001bbe9000 JavaThread "Cache worker for file hash cache (C:\Users\nives\.gradle\caches\6.1.1\fileHashes)" [_thread_blocked, id=13788, stack(0x000000001dc60000,0x000000001dd60000)]
  0x000000001bbe7800 JavaThread "File lock request listener" [_thread_in_native, id=10280, stack(0x000000001db60000,0x000000001dc60000)]
  0x000000001bb87000 JavaThread "Cache worker for journal cache (C:\Users\nives\.gradle\caches\journal-1)" [_thread_blocked, id=7600, stack(0x000000001da60000,0x000000001db60000)]
  0x000000001b88c800 JavaThread "Daemon periodic checks" [_thread_blocked, id=5816, stack(0x000000001cd60000,0x000000001ce60000)]
  0x000000001b88b800 JavaThread "Incoming local TCP Connector on port 51860" [_thread_in_native, id=8296, stack(0x000000001cb00000,0x000000001cc00000)]
  0x0000000019e33800 JavaThread "Daemon health stats" [_thread_blocked, id=10132, stack(0x000000001c4c0000,0x000000001c5c0000)]
  0x0000000018eaf800 JavaThread "Service Thread" daemon [_thread_blocked, id=2272, stack(0x0000000019b20000,0x0000000019c20000)]
  0x0000000018e6d000 JavaThread "C1 CompilerThread3" daemon [_thread_blocked, id=5024, stack(0x0000000019a20000,0x0000000019b20000)]
  0x0000000018e51000 JavaThread "C2 CompilerThread2" daemon [_thread_in_native, id=4976, stack(0x0000000019920000,0x0000000019a20000)]
=>0x0000000018e48800 JavaThread "C2 CompilerThread1" daemon [_thread_in_native, id=9372, stack(0x0000000019820000,0x0000000019920000)]
  0x0000000018e41000 JavaThread "C2 CompilerThread0" daemon [_thread_in_native, id=3836, stack(0x0000000019720000,0x0000000019820000)]
  0x0000000018e3f800 JavaThread "Attach Listener" daemon [_thread_blocked, id=9264, stack(0x0000000019620000,0x0000000019720000)]
  0x0000000018e3e000 JavaThread "Signal Dispatcher" daemon [_thread_blocked, id=1560, stack(0x0000000019520000,0x0000000019620000)]
  0x000000000327d800 JavaThread "Finalizer" daemon [_thread_blocked, id=7260, stack(0x0000000019310000,0x0000000019410000)]
  0x0000000003277000 JavaThread "Reference Handler" daemon [_thread_blocked, id=13592, stack(0x0000000019210000,0x0000000019310000)]
  0x0000000003182800 JavaThread "main" [_thread_blocked, id=7072, stack(0x0000000002f80000,0x0000000003080000)]

Other Threads:
  0x0000000017036000 VMThread [stack: 0x0000000018d10000,0x0000000018e10000] [id=8828]
  0x0000000018eb0800 WatcherThread [stack: 0x0000000019c20000,0x0000000019d20000] [id=3568]

VM state:not at safepoint (normal execution)

VM Mutex/Monitor currently owned by a thread: None

OutOfMemory and StackOverflow Exception counts:
OutOfMemoryError java_heap_errors=3

heap address: 0x00000000a0000000, size: 1536 MB, Compressed Oops mode: 32-bit
Narrow klass base: 0x0000000000000000, Narrow klass shift: 3
Compressed class space size: 1073741824 Address: 0x0000000100000000

Heap:
 PSYoungGen      total 457216K, used 423198K [0x00000000e0000000, 0x0000000100000000, 0x0000000100000000)
  eden space 421888K, 99% used [0x00000000e0000000,0x00000000f98bf958,0x00000000f9c00000)
  from space 35328K, 13% used [0x00000000f9c00000,0x00000000fa088000,0x00000000fbe80000)
  to   space 34816K, 0% used [0x00000000fde00000,0x00000000fde00000,0x0000000100000000)
 ParOldGen       total 184832K, used 133327K [0x00000000a0000000, 0x00000000ab480000, 0x00000000e0000000)
  object space 184832K, 72% used [0x00000000a0000000,0x00000000a8233e88,0x00000000ab480000)
 Metaspace       used 137964K, capacity 145638K, committed 145840K, reserved 1175552K
  class space    used 17652K, capacity 19089K, committed 19120K, reserved 1048576K

Card table byte_map: [0x0000000012640000,0x0000000012950000] byte_map_base: 0x0000000012140000

Marking Bits: (ParMarkBitMap*) 0x0000000077b2f030
 Begin Bits: [0x0000000013350000, 0x0000000014b50000)
 End Bits:   [0x0000000014b50000, 0x0000000016350000)

Polling page: 0x0000000000df0000

CodeCache: size=245760Kb used=73714Kb max_used=73837Kb free=172045Kb
 bounds [0x0000000003280000, 0x0000000007b00000, 0x0000000012280000]
 total_blobs=22489 nmethods=21412 adapters=987
 compilation: enabled

Compilation events (10 events):
Event: 5630.828 Thread 0x0000000018e6d000 26621       2       sun.nio.ch.FileDispatcherImpl::duplicateForMapping (35 bytes)
Event: 5630.829 Thread 0x0000000018e6d000 nmethod 26621 0x00000000061651d0 code [0x0000000006165360, 0x0000000006165638]
Event: 5630.830 Thread 0x0000000018e6d000 26627       2       com.android.zipflinger.FreeStore$Zone::shrinkBy (97 bytes)
Event: 5630.830 Thread 0x0000000018e6d000 nmethod 26627 0x00000000068cb890 code [0x00000000068cb9e0, 0x00000000068cbc50]
Event: 5630.837 Thread 0x0000000018e6d000 26628       2       sun.util.calendar.CalendarDate::setDayOfWeek (6 bytes)
Event: 5630.838 Thread 0x0000000018e6d000 nmethod 26628 0x0000000006164ed0 code [0x0000000006165020, 0x0000000006165170]
Event: 5630.838 Thread 0x0000000018e6d000 26629       2       com.android.zipflinger.CentralDirectoryRecord::getSize (10 bytes)
Event: 5630.839 Thread 0x0000000018e6d000 nmethod 26629 0x0000000005ef2850 code [0x0000000005ef29a0, 0x0000000005ef2af0]
Event: 5630.839 Thread 0x0000000018e6d000 26630       2       com.android.zipflinger.CentralDirectoryRecord::write (151 bytes)
Event: 5630.840 Thread 0x0000000018e6d000 nmethod 26630 0x00000000035f2690 code [0x00000000035f2940, 0x00000000035f3138]

GC Heap History (10 events):
Event: 5625.287 GC heap before
{Heap before GC invocations=37 (full 4):
 PSYoungGen      total 314880K, used 312607K [0x00000000e0000000, 0x00000000f7f00000, 0x0000000100000000)
  eden space 292352K, 100% used [0x00000000e0000000,0x00000000f1d80000,0x00000000f1d80000)
  from space 22528K, 89% used [0x00000000f4180000,0x00000000f5547e00,0x00000000f5780000)
  to   space 36864K, 0% used [0x00000000f1d80000,0x00000000f1d80000,0x00000000f4180000)
 ParOldGen       total 184832K, used 103906K [0x00000000a0000000, 0x00000000ab480000, 0x00000000e0000000)
  object space 184832K, 56% used [0x00000000a0000000,0x00000000a6578868,0x00000000ab480000)
 Metaspace       used 134664K, capacity 142120K, committed 142384K, reserved 1173504K
  class space    used 17228K, capacity 18626K, committed 18736K, reserved 1048576K
Event: 5625.303 GC heap after
Heap after GC invocations=37 (full 4):
 PSYoungGen      total 329216K, used 7673K [0x00000000e0000000, 0x00000000f9d80000, 0x0000000100000000)
  eden space 292352K, 0% used [0x00000000e0000000,0x00000000e0000000,0x00000000f1d80000)
  from space 36864K, 20% used [0x00000000f1d80000,0x00000000f24fe468,0x00000000f4180000)
  to   space 36864K, 0% used [0x00000000f7980000,0x00000000f7980000,0x00000000f9d80000)
 ParOldGen       total 184832K, used 116372K [0x00000000a0000000, 0x00000000ab480000, 0x00000000e0000000)
  object space 184832K, 62% used [0x00000000a0000000,0x00000000a71a5270,0x00000000ab480000)
 Metaspace       used 134664K, capacity 142120K, committed 142384K, reserved 1173504K
  class space    used 17228K, capacity 18626K, committed 18736K, reserved 1048576K
}
Event: 5625.622 GC heap before
{Heap before GC invocations=38 (full 4):
 PSYoungGen      total 329216K, used 300025K [0x00000000e0000000, 0x00000000f9d80000, 0x0000000100000000)
  eden space 292352K, 100% used [0x00000000e0000000,0x00000000f1d80000,0x00000000f1d80000)
  from space 36864K, 20% used [0x00000000f1d80000,0x00000000f24fe468,0x00000000f4180000)
  to   space 36864K, 0% used [0x00000000f7980000,0x00000000f7980000,0x00000000f9d80000)
 ParOldGen       total 184832K, used 116372K [0x00000000a0000000, 0x00000000ab480000, 0x00000000e0000000)
  object space 184832K, 62% used [0x00000000a0000000,0x00000000a71a5270,0x00000000ab480000)
 Metaspace       used 134860K, capacity 142278K, committed 142640K, reserved 1173504K
  class space    used 17230K, capacity 18629K, committed 18736K, reserved 1048576K
Event: 5625.636 GC heap after
Heap after GC invocations=38 (full 4):
 PSYoungGen      total 387584K, used 10618K [0x00000000e0000000, 0x00000000f9d80000, 0x0000000100000000)
  eden space 350720K, 0% used [0x00000000e0000000,0x00000000e0000000,0x00000000f5680000)
  from space 36864K, 28% used [0x00000000f7980000,0x00000000f83de930,0x00000000f9d80000)
  to   space 35840K, 0% used [0x00000000f5680000,0x00000000f5680000,0x00000000f7980000)
 ParOldGen       total 184832K, used 120372K [0x00000000a0000000, 0x00000000ab480000, 0x00000000e0000000)
  object space 184832K, 65% used [0x00000000a0000000,0x00000000a758d058,0x00000000ab480000)
 Metaspace       used 134860K, capacity 142278K, committed 142640K, reserved 1173504K
  class space    used 17230K, capacity 18629K, committed 18736K, reserved 1048576K
}
Event: 5626.113 GC heap before
{Heap before GC invocations=39 (full 4):
 PSYoungGen      total 387584K, used 361338K [0x00000000e0000000, 0x00000000f9d80000, 0x0000000100000000)
  eden space 350720K, 100% used [0x00000000e0000000,0x00000000f5680000,0x00000000f5680000)
  from space 36864K, 28% used [0x00000000f7980000,0x00000000f83de930,0x00000000f9d80000)
  to   space 35840K, 0% used [0x00000000f5680000,0x00000000f5680000,0x00000000f7980000)
 ParOldGen       total 184832K, used 120372K [0x00000000a0000000, 0x00000000ab480000, 0x00000000e0000000)
  object space 184832K, 65% used [0x00000000a0000000,0x00000000a758d058,0x00000000ab480000)
 Metaspace       used 135050K, capacity 142496K, committed 142640K, reserved 1173504K
  class space    used 17232K, capacity 18630K, committed 18736K, reserved 1048576K
Event: 5626.126 GC heap after
Heap after GC invocations=39 (full 4):
 PSYoungGen      total 386560K, used 4748K [0x00000000e0000000, 0x00000000fe280000, 0x0000000100000000)
  eden space 350720K, 0% used [0x00000000e0000000,0x00000000e0000000,0x00000000f5680000)
  from space 35840K, 13% used [0x00000000f5680000,0x00000000f5b23120,0x00000000f7980000)
  to   space 35840K, 0% used [0x00000000fbf80000,0x00000000fbf80000,0x00000000fe280000)
 ParOldGen       total 184832K, used 127912K [0x00000000a0000000, 0x00000000ab480000, 0x00000000e0000000)
  object space 184832K, 69% used [0x00000000a0000000,0x00000000a7cea080,0x00000000ab480000)
 Metaspace       used 135050K, capacity 142496K, committed 142640K, reserved 1173504K
  class space    used 17232K, capacity 18630K, committed 18736K, reserved 1048576K
}
Event: 5626.552 GC heap before
{Heap before GC invocations=40 (full 4):
 PSYoungGen      total 386560K, used 355468K [0x00000000e0000000, 0x00000000fe280000, 0x0000000100000000)
  eden space 350720K, 100% used [0x00000000e0000000,0x00000000f5680000,0x00000000f5680000)
  from space 35840K, 13% used [0x00000000f5680000,0x00000000f5b23120,0x00000000f7980000)
  to   space 35840K, 0% used [0x00000000fbf80000,0x00000000fbf80000,0x00000000fe280000)
 ParOldGen       total 184832K, used 127912K [0x00000000a0000000, 0x00000000ab480000, 0x00000000e0000000)
  object space 184832K, 69% used [0x00000000a0000000,0x00000000a7cea080,0x00000000ab480000)
 Metaspace       used 135145K, capacity 142602K, committed 142896K, reserved 1173504K
  class space    used 17242K, capacity 18637K, committed 18736K, reserved 1048576K
Event: 5626.562 GC heap after
Heap after GC invocations=40 (full 4):
 PSYoungGen      total 456192K, used 4736K [0x00000000e0000000, 0x00000000fe100000, 0x0000000100000000)
  eden space 421888K, 0% used [0x00000000e0000000,0x00000000e0000000,0x00000000f9c00000)
  from space 34304K, 13% used [0x00000000fbf80000,0x00000000fc420010,0x00000000fe100000)
  to   space 35328K, 0% used [0x00000000f9c00000,0x00000000f9c00000,0x00000000fbe80000)
 ParOldGen       total 184832K, used 131032K [0x00000000a0000000, 0x00000000ab480000, 0x00000000e0000000)
  object space 184832K, 70% used [0x00000000a0000000,0x00000000a7ff6168,0x00000000ab480000)
 Metaspace       used 135145K, capacity 142602K, committed 142896K, reserved 1173504K
  class space    used 17242K, capacity 18637K, committed 18736K, reserved 1048576K
}
Event: 5627.221 GC heap before
{Heap before GC invocations=41 (full 4):
 PSYoungGen      total 456192K, used 426624K [0x00000000e0000000, 0x00000000fe100000, 0x0000000100000000)
  eden space 421888K, 100% used [0x00000000e0000000,0x00000000f9c00000,0x00000000f9c00000)
  from space 34304K, 13% used [0x00000000fbf80000,0x00000000fc420010,0x00000000fe100000)
  to   space 35328K, 0% used [0x00000000f9c00000,0x00000000f9c00000,0x00000000fbe80000)
 ParOldGen       total 184832K, used 131032K [0x00000000a0000000, 0x00000000ab480000, 0x00000000e0000000)
  object space 184832K, 70% used [0x00000000a0000000,0x00000000a7ff6168,0x00000000ab480000)
 Metaspace       used 135576K, capacity 143016K, committed 143152K, reserved 1173504K
  class space    used 17298K, capacity 18706K, committed 18736K, reserved 1048576K
Event: 5627.230 GC heap after
Heap after GC invocations=41 (full 4):
 PSYoungGen      total 457216K, used 4640K [0x00000000e0000000, 0x0000000100000000, 0x0000000100000000)
  eden space 421888K, 0% used [0x00000000e0000000,0x00000000e0000000,0x00000000f9c00000)
  from space 35328K, 13% used [0x00000000f9c00000,0x00000000fa088000,0x00000000fbe80000)
  to   space 34816K, 0% used [0x00000000fde00000,0x00000000fde00000,0x0000000100000000)
 ParOldGen       total 184832K, used 133327K [0x00000000a0000000, 0x00000000ab480000, 0x00000000e0000000)
  object space 184832K, 72% used [0x00000000a0000000,0x00000000a8233e88,0x00000000ab480000)
 Metaspace       used 135576K, capacity 143016K, committed 143152K, reserved 1173504K
  class space    used 17298K, capacity 18706K, committed 18736K, reserved 1048576K
}

Deoptimization events (10 events):
Event: 5630.429 Thread 0x00000000212ba800 Uncommon trap: reason=bimorphic action=maybe_recompile pc=0x00000000049ca500 method=com.google.common.collect.ImmutableMap.copyOf(Ljava/util/Map;)Lcom/google/common/collect/ImmutableMap; @ 49
Event: 5630.429 Thread 0x00000000212ba800 Uncommon trap: reason=bimorphic action=maybe_recompile pc=0x00000000049ca500 method=com.google.common.collect.ImmutableMap.copyOf(Ljava/util/Map;)Lcom/google/common/collect/ImmutableMap; @ 49
Event: 5630.727 Thread 0x0000000027274800 Uncommon trap: reason=unstable_if action=reinterpret pc=0x0000000006814d08 method=java.nio.Bits.copyToArray(JLjava/lang/Object;JJJ)V @ 19
Event: 5630.739 Thread 0x00000000212ba800 Uncommon trap: reason=speculate_class_check action=maybe_recompile pc=0x00000000051df958 method=sun.nio.ch.IOUtil.writeFromNativeBuffer(Ljava/io/FileDescriptor;Ljava/nio/ByteBuffer;JLsun/nio/ch/NativeDispatcher;)I @ 100
Event: 5630.739 Thread 0x00000000212ba800 Uncommon trap: reason=speculate_class_check action=maybe_recompile pc=0x00000000051df958 method=sun.nio.ch.IOUtil.writeFromNativeBuffer(Ljava/io/FileDescriptor;Ljava/nio/ByteBuffer;JLsun/nio/ch/NativeDispatcher;)I @ 100
Event: 5630.739 Thread 0x00000000212ba800 Uncommon trap: reason=speculate_class_check action=maybe_recompile pc=0x00000000051df958 method=sun.nio.ch.IOUtil.writeFromNativeBuffer(Ljava/io/FileDescriptor;Ljava/nio/ByteBuffer;JLsun/nio/ch/NativeDispatcher;)I @ 100
Event: 5630.739 Thread 0x00000000212ba800 Uncommon trap: reason=speculate_class_check action=maybe_recompile pc=0x00000000051df958 method=sun.nio.ch.IOUtil.writeFromNativeBuffer(Ljava/io/FileDescriptor;Ljava/nio/ByteBuffer;JLsun/nio/ch/NativeDispatcher;)I @ 100
Event: 5630.837 Thread 0x00000000212ba800 Uncommon trap: reason=class_check action=maybe_recompile pc=0x0000000003a33a34 method=java.io.BufferedWriter.flushBuffer()V @ 34
Event: 5630.914 Thread 0x000000002727a000 Uncommon trap: reason=unstable_if action=reinterpret pc=0x00000000065287ec method=java.nio.ByteBuffer.hasArray()Z @ 4
Event: 5630.914 Thread 0x000000001ee70000 Uncommon trap: reason=unstable_if action=reinterpret pc=0x0000000004d7f67c method=sun.nio.ch.NativeThreadSet.remove(I)V @ 32

Classes redefined (0 events):
No events

Internal exceptions (10 events):
Event: 5629.438 Thread 0x000000001bbed000 Exception <a 'sun/nio/fs/WindowsException'> (0x00000000f2de21b0) thrown at [C:\src\AOSP-openjdk-git\hotspot\src\share\vm\prims\jni.cpp, line 710]
Event: 5629.823 Thread 0x000000002727d800 Exception <a 'sun/nio/fs/WindowsException'> (0x00000000f8c6b298) thrown at [C:\src\AOSP-openjdk-git\hotspot\src\share\vm\prims\jni.cpp, line 710]
Event: 5630.186 Thread 0x000000002067b800 Exception <a 'java/lang/NoSuchMethodError': <clinit>> (0x00000000f8dbe9f0) thrown at [C:\src\AOSP-openjdk-git\hotspot\src\share\vm\prims\jni.cpp, line 1615]
Event: 5630.186 Thread 0x000000002067b800 Exception <a 'java/lang/NoSuchMethodError': <clinit>> (0x00000000f8dc3278) thrown at [C:\src\AOSP-openjdk-git\hotspot\src\share\vm\prims\jni.cpp, line 1615]
Event: 5630.704 Thread 0x00000000212ba800 Exception <a 'sun/nio/fs/WindowsException'> (0x00000000f90fbb50) thrown at [C:\src\AOSP-openjdk-git\hotspot\src\share\vm\prims\jni.cpp, line 710]
Event: 5630.704 Thread 0x00000000212ba800 Exception <a 'sun/nio/fs/WindowsException'> (0x00000000f90fbff8) thrown at [C:\src\AOSP-openjdk-git\hotspot\src\share\vm\prims\jni.cpp, line 710]
Event: 5630.722 Thread 0x00000000212ba800 Exception <a 'java/lang/NoSuchMethodError': java.lang.Object.lambda$static$0(Lcom/android/apksig/util/RunnablesProvider;)V> (0x00000000f91500a8) thrown at [C:\src\AOSP-openjdk-git\hotspot\src\share\vm\interpreter\linkResolver.cpp, line 620]
Event: 5630.913 Thread 0x0000000027274800 Exception <a 'java/lang/OutOfMemoryError'> (0x00000000eec70620) thrown at [C:\src\AOSP-openjdk-git\hotspot\src\share\vm\prims\unsafe.cpp, line 618]
Event: 5630.921 Thread 0x000000001ee70000 Exception <a 'java/lang/OutOfMemoryError'> (0x00000000eec512e8) thrown at [C:\src\AOSP-openjdk-git\hotspot\src\share\vm\prims\unsafe.cpp, line 618]
Event: 5630.921 Thread 0x000000002727a000 Exception <a 'java/lang/OutOfMemoryError'> (0x00000000f9857568) thrown at [C:\src\AOSP-openjdk-git\hotspot\src\share\vm\prims\unsafe.cpp, line 618]

Events (10 events):
Event: 5630.912 Executing VM operation: RevokeBias
Event: 5630.913 Executing VM operation: RevokeBias done
Event: 5630.914 Thread 0x000000002727a000 Uncommon trap: trap_request=0xffffff65 fr.pc=0x00000000065287ec
Event: 5630.914 Thread 0x000000002727a000 DEOPT PACKING pc=0x00000000065287ec sp=0x000000001d85ee40
Event: 5630.914 Thread 0x000000002727a000 DEOPT UNPACKING pc=0x00000000032c557b sp=0x000000001d85ede8 mode 2
Event: 5630.914 Thread 0x000000001ee70000 Uncommon trap: trap_request=0xffffff65 fr.pc=0x0000000004d7f67c
Event: 5630.914 Thread 0x000000001ee70000 DEOPT PACKING pc=0x0000000004d7f67c sp=0x000000002f4af0d0
Event: 5630.914 Thread 0x000000001ee70000 DEOPT UNPACKING pc=0x00000000032c557b sp=0x000000002f4af088 mode 2
Event: 5630.915 loading class com/google/common/base/Throwables
Event: 5630.915 loading class com/google/common/base/Throwables done


Dynamic libraries:
0x00007ff76c670000 - 0x00007ff76c6a1000 	C:\Program Files\Android\Android Studio\jre\bin\java.exe
0x00007ffeb5d40000 - 0x00007ffeb5f30000 	C:\Windows\SYSTEM32\ntdll.dll
0x00007ffeb4940000 - 0x00007ffeb49f2000 	C:\Windows\System32\KERNEL32.DLL
0x00007ffeb3b40000 - 0x00007ffeb3de5000 	C:\Windows\System32\KERNELBASE.dll
0x00007ffeb0e50000 - 0x00007ffeb0edf000 	C:\Windows\SYSTEM32\apphelp.dll
0x00007ffeb3df0000 - 0x00007ffeb3e93000 	C:\Windows\System32\ADVAPI32.dll
0x00007ffeb53a0000 - 0x00007ffeb543e000 	C:\Windows\System32\msvcrt.dll
0x00007ffeb4bb0000 - 0x00007ffeb4c47000 	C:\Windows\System32\sechost.dll
0x00007ffeb4780000 - 0x00007ffeb48a0000 	C:\Windows\System32\RPCRT4.dll
0x00007ffeb4cb0000 - 0x00007ffeb4e44000 	C:\Windows\System32\USER32.dll
0x00007ffeb3970000 - 0x00007ffeb3991000 	C:\Windows\System32\win32u.dll
0x00007ffeb5580000 - 0x00007ffeb55a6000 	C:\Windows\System32\GDI32.dll
0x00007ffeb39a0000 - 0x00007ffeb3b36000 	C:\Windows\System32\gdi32full.dll
0x00007ffeb2f10000 - 0x00007ffeb2fae000 	C:\Windows\System32\msvcp_win.dll
0x00007ffeb2e10000 - 0x00007ffeb2f0a000 	C:\Windows\System32\ucrtbase.dll
0x00007ffea43e0000 - 0x00007ffea4664000 	C:\Windows\WinSxS\amd64_microsoft.windows.common-controls_6595b64144ccf1df_6.0.18362.1256_none_9e7e379be45e40e2\COMCTL32.dll
0x00007ffeb4e50000 - 0x00007ffeb5186000 	C:\Windows\System32\combase.dll
0x00007ffeb2cb0000 - 0x00007ffeb2d31000 	C:\Windows\System32\bcryptPrimitives.dll
0x00007ffeb48a0000 - 0x00007ffeb48ce000 	C:\Windows\System32\IMM32.DLL
0x0000000051da0000 - 0x0000000051e72000 	C:\Program Files\Android\Android Studio\jre\jre\bin\msvcr100.dll
0x0000000077360000 - 0x0000000077bab000 	C:\Program Files\Android\Android Studio\jre\jre\bin\server\jvm.dll
0x00007ffeb4120000 - 0x00007ffeb4128000 	C:\Windows\System32\PSAPI.DLL
0x00007ffeae820000 - 0x00007ffeae82a000 	C:\Windows\SYSTEM32\VERSION.dll
0x00007ffeaa180000 - 0x00007ffeaa1a4000 	C:\Windows\SYSTEM32\WINMM.dll
0x00007ffeaa0e0000 - 0x00007ffeaa0e9000 	C:\Windows\SYSTEM32\WSOCK32.dll
0x00007ffeb48d0000 - 0x00007ffeb493f000 	C:\Windows\System32\WS2_32.dll
0x00007ffea9dc0000 - 0x00007ffea9ded000 	C:\Windows\SYSTEM32\winmmbase.dll
0x00007ffeb2fb0000 - 0x00007ffeb2ffa000 	C:\Windows\System32\cfgmgr32.dll
0x00007ffea9f70000 - 0x00007ffea9f7f000 	C:\Program Files\Android\Android Studio\jre\jre\bin\verify.dll
0x00007ffe8e870000 - 0x00007ffe8e899000 	C:\Program Files\Android\Android Studio\jre\jre\bin\java.dll
0x00007ffe9b200000 - 0x00007ffe9b216000 	C:\Program Files\Android\Android Studio\jre\jre\bin\zip.dll
0x00007ffeb5610000 - 0x00007ffeb5cf7000 	C:\Windows\System32\SHELL32.dll
0x00007ffeb52f0000 - 0x00007ffeb5399000 	C:\Windows\System32\shcore.dll
0x00007ffeb3000000 - 0x00007ffeb3781000 	C:\Windows\System32\windows.storage.dll
0x00007ffeb2c60000 - 0x00007ffeb2c83000 	C:\Windows\System32\profapi.dll
0x00007ffeb2bf0000 - 0x00007ffeb2c3a000 	C:\Windows\System32\powrprof.dll
0x00007ffeb2be0000 - 0x00007ffeb2bf0000 	C:\Windows\System32\UMPDC.dll
0x00007ffeb4a80000 - 0x00007ffeb4ad2000 	C:\Windows\System32\shlwapi.dll
0x00007ffeb2c40000 - 0x00007ffeb2c51000 	C:\Windows\System32\kernel.appcore.dll
0x00007ffeb2d40000 - 0x00007ffeb2d57000 	C:\Windows\System32\cryptsp.dll
0x00007ffe930c0000 - 0x00007ffe930da000 	C:\Program Files\Android\Android Studio\jre\jre\bin\net.dll
0x00007ffeb23d0000 - 0x00007ffeb2437000 	C:\Windows\system32\mswsock.dll
0x00007ffe92de0000 - 0x00007ffe92df3000 	C:\Program Files\Android\Android Studio\jre\jre\bin\nio.dll
0x00007ffea93a0000 - 0x00007ffea93c6000 	C:\Users\nives\.gradle\native\31\windows-amd64\native-platform.dll
0x00007ffea9b10000 - 0x00007ffea9b1d000 	C:\Program Files\Android\Android Studio\jre\jre\bin\management.dll
0x00007ffeb1f40000 - 0x00007ffeb1f73000 	C:\Windows\system32\rsaenh.dll
0x00007ffeb3790000 - 0x00007ffeb37b6000 	C:\Windows\System32\bcrypt.dll
0x00007ffeb2b00000 - 0x00007ffeb2b25000 	C:\Windows\SYSTEM32\USERENV.dll
0x00007ffeb25a0000 - 0x00007ffeb25ac000 	C:\Windows\SYSTEM32\CRYPTBASE.dll
0x00007ffeb20e0000 - 0x00007ffeb211a000 	C:\Windows\SYSTEM32\IPHLPAPI.DLL
0x00007ffeb46a0000 - 0x00007ffeb46a8000 	C:\Windows\System32\NSI.dll
0x00007ffeadab0000 - 0x00007ffeadac6000 	C:\Windows\SYSTEM32\dhcpcsvc6.DLL
0x00007ffead990000 - 0x00007ffead9ac000 	C:\Windows\SYSTEM32\dhcpcsvc.DLL
0x00007ffeb2120000 - 0x00007ffeb21eb000 	C:\Windows\SYSTEM32\DNSAPI.dll
0x00007ffe8e510000 - 0x00007ffe8e534000 	C:\Program Files\Android\Android Studio\jre\jre\bin\sunec.dll
0x00007ffea8590000 - 0x00007ffea859b000 	C:\Program Files\Android\Android Studio\jre\jre\bin\sunmscapi.dll
0x00007ffeb37c0000 - 0x00007ffeb3909000 	C:\Windows\System32\CRYPT32.dll
0x00007ffeb2c90000 - 0x00007ffeb2ca2000 	C:\Windows\System32\MSASN1.dll
0x00007ffeac170000 - 0x00007ffeac17a000 	C:\Windows\System32\rasadhlp.dll
0x00007ffeacf50000 - 0x00007ffeacfc7000 	C:\Windows\System32\fwpuclnt.dll
0x00007ffeb1c20000 - 0x00007ffeb1c51000 	C:\Windows\SYSTEM32\ntmarta.dll
0x00007ffe86b60000 - 0x00007ffe86cfc000 	C:\Program Files\Android\Android Studio\jre\jre\bin\awt.dll
0x00007ffeb4ae0000 - 0x00007ffeb4ba5000 	C:\Windows\System32\OLEAUT32.dll
0x00007ffeb1460000 - 0x00007ffeb148d000 	C:\Windows\SYSTEM32\dwmapi.dll
0x00007ffeb0060000 - 0x00007ffeb0620000 	C:\Windows\SYSTEM32\d2d1.dll
0x00007ffeb1190000 - 0x00007ffeb1229000 	C:\Windows\system32\uxtheme.dll

VM Arguments:
jvm_args: -Xmx1536M -Dfile.encoding=windows-1252 -Duser.country=BR -Duser.language=pt -Duser.variant 
java_command: org.gradle.launcher.daemon.bootstrap.GradleDaemon 6.1.1
java_class_path (initial): C:\Users\nives\.gradle\wrapper\dists\gradle-6.1.1-all\cfmwm155h49vnt3hynmlrsdst\gradle-6.1.1\lib\gradle-launcher-6.1.1.jar
Launcher Type: SUN_STANDARD

Environment Variables:
PATH=C:\Program Files\NVIDIA GPU Computing Toolkit\CUDA\v10.1\bin;C:\Program Files\NVIDIA GPU Computing Toolkit\CUDA\v10.1\libnvvp;C:\Program Files (x86)\Common Files\Oracle\Java\javapath;C:\Program Files (x86)\Intel\Intel(R) Management Engine Components\iCLS\;C:\Program Files\Intel\Intel(R) Management Engine Components\iCLS\;C:\Windows\system32;C:\Windows;C:\Windows\System32\Wbem;C:\Windows\System32\WindowsPowerShell\v1.0\;C:\Windows\System32\OpenSSH\;C:\Program Files (x86)\NVIDIA Corporation\PhysX\Common;C:\Program Files (x86)\Intel\Intel(R) Management Engine Components\DAL;C:\Program Files\Intel\Intel(R) Management Engine Components\DAL;C:\Program Files (x86)\Intel\Intel(R) Management Engine Components\IPT;C:\Program Files\Intel\Intel(R) Management Engine Components\IPT;C:\Program Files\Git\cmd;C:\Program Files\NVIDIA Corporation\Nsight Compute 2019.1\;C:\Users\nives\AppData\Local\Programs\Python\Python39\Scripts\;C:\Users\nives\AppData\Local\Programs\Python\Python39\;C:\Users\nives\AppData\Local\Microsoft\WindowsApps;;C:\Users\nives\AppData\Local\Programs\Microsoft VS Code\bin
USERNAME=nives
OS=Windows_NT
PROCESSOR_IDENTIFIER=Intel64 Family 6 Model 158 Stepping 10, GenuineIntel



---------------  S Y S T E M  ---------------

OS: Windows 10.0 , 64 bit Build 18362 (10.0.18362.1110)

CPU:total 8 (initial active 8) (4 cores per cpu, 2 threads per core) family 6 model 158 stepping 10, cmov, cx8, fxsr, mmx, sse, sse2, sse3, ssse3, sse4.1, sse4.2, popcnt, avx, avx2, aes, clmul, erms, 3dnowpref, lzcnt, ht, tsc, tscinvbit, bmi1, bmi2, adx

Memory: 4k page, physical 8227124k(179152k free), swap 10275124k(4680k free)

vm_info: OpenJDK 64-Bit Server VM (25.242-b01) for windows-amd64 JRE (1.8.0_242-release-1644-b01), built by "builder" with MS VC++ 10.0 (VS2010)

time: Mon Dec 14 20:18:21 2020
timezone: UTC-02
elapsed time: 5631 seconds (0d 1h 33m 51s)

