#
# There is insufficient memory for the Java Runtime Environment to continue.
# Native memory allocation (malloc) failed to allocate 1067856 bytes for Chunk::new
# Possible reasons:
#   The system is out of physical RAM or swap space
#   The process is running with CompressedOops enabled, and the Java Heap may be blocking the growth of the native heap
# Possible solutions:
#   Reduce memory load on the system
#   Increase physical memory or swap space
#   Check if swap backing store is full
#   Decrease Java heap size (-Xmx/-Xms)
#   Decrease number of Java threads
#   Decrease Java thread stack sizes (-Xss)
#   Set larger code cache with -XX:ReservedCodeCacheSize=
#   JVM is running with Unscaled Compressed Oops mode in which the Java heap is
#     placed in the first 4GB address space. The Java Heap base address is the
#     maximum limit for the native heap growth. Please use -XX:HeapBaseMinAddress
#     to set the Java Heap base and to place the Java Heap above 4GB virtual address.
# This output file may be truncated or incomplete.
#
#  Out of Memory Error (allocation.cpp:389), pid=6432, tid=0x00000000000020cc
#
# JRE version: OpenJDK Runtime Environment (8.0_242-b01) (build 1.8.0_242-release-1644-b01)
# Java VM: OpenJDK 64-Bit Server VM (25.242-b01 mixed mode windows-amd64 compressed oops)
# Failed to write core dump. Minidumps are not enabled by default on client versions of Windows
#

---------------  T H R E A D  ---------------

Current thread (0x0000000017c0e800):  JavaThread "C2 CompilerThread0" daemon [_thread_in_native, id=8396, stack(0x000000001a300000,0x000000001a400000)]

Stack: [0x000000001a300000,0x000000001a400000]
[error occurred during error reporting (printing stack bounds), id 0xc0000005]

Native frames: (J=compiled Java code, j=interpreted, Vv=VM code, C=native code)


Current CompileTask:
C2:   4803 3799   !   4       java.util.jar.Attributes::read (380 bytes)


---------------  P R O C E S S  ---------------

Java Threads: ( => current thread )
  0x0000000021669800 JavaThread "Cache worker for Build Output Cleanup Cache (C:\Users\nives\AndroidStudioProjects\Adventure\.gradle\buildOutputCleanup)" [_thread_blocked, id=11268, stack(0x0000000024ee0000,0x0000000024fe0000)]
  0x000000002166f000 JavaThread "Build operations Thread 8" [_thread_blocked, id=9116, stack(0x00000000247e0000,0x00000000248e0000)]
  0x000000002166a000 JavaThread "Build operations Thread 7" [_thread_blocked, id=12644, stack(0x00000000246e0000,0x00000000247e0000)]
  0x000000002166d000 JavaThread "Build operations Thread 6" [_thread_blocked, id=376, stack(0x00000000245e0000,0x00000000246e0000)]
  0x000000002166b800 JavaThread "Build operations Thread 5" [_thread_blocked, id=12820, stack(0x00000000244e0000,0x00000000245e0000)]
  0x0000000021670800 JavaThread "Build operations Thread 4" [_thread_blocked, id=1868, stack(0x00000000243e0000,0x00000000244e0000)]
  0x0000000021668800 JavaThread "Build operations Thread 3" [_thread_blocked, id=1860, stack(0x00000000240e0000,0x00000000241e0000)]
  0x000000002166e000 JavaThread "Build operations Thread 2" [_thread_blocked, id=9488, stack(0x0000000023fe0000,0x00000000240e0000)]
  0x0000000021668000 JavaThread "Build operations" [_thread_blocked, id=12916, stack(0x0000000023ee0000,0x0000000023fe0000)]
  0x000000001c7e3800 JavaThread "Cache worker for execution history cache (C:\Users\nives\.gradle\caches\6.1.1\executionHistory)" [_thread_blocked, id=6372, stack(0x0000000022410000,0x0000000022510000)]
  0x000000001c7e6800 JavaThread "Cache worker for cache directory md-rule (C:\Users\nives\.gradle\caches\6.1.1\md-rule)" [_thread_blocked, id=1520, stack(0x0000000021080000,0x0000000021180000)]
  0x000000001c7e4000 JavaThread "Cache worker for cache directory md-supplier (C:\Users\nives\.gradle\caches\6.1.1\md-supplier)" [_thread_blocked, id=7500, stack(0x0000000020ce0000,0x0000000020de0000)]
  0x000000001c7e2800 JavaThread "Cache worker for file hash cache (C:\Users\nives\AndroidStudioProjects\Adventure\.gradle\6.1.1\fileHashes)" [_thread_blocked, id=8232, stack(0x0000000020f80000,0x0000000021080000)]
  0x000000001c7e7000 JavaThread "Cache worker for checksums cache (C:\Users\nives\AndroidStudioProjects\Adventure\.gradle\checksums)" [_thread_blocked, id=11320, stack(0x0000000020e80000,0x0000000020f80000)]
  0x000000001c7e5800 JavaThread "Cache worker for file hash cache (C:\Users\nives\.gradle\caches\6.1.1\fileHashes)" [_thread_blocked, id=10644, stack(0x000000001e840000,0x000000001e940000)]
  0x000000001c7e8800 JavaThread "File lock request listener" [_thread_in_native, id=5608, stack(0x000000001e740000,0x000000001e840000)]
  0x000000001c58e000 JavaThread "Cache worker for journal cache (C:\Users\nives\.gradle\caches\journal-1)" [_thread_blocked, id=12064, stack(0x000000001e640000,0x000000001e740000)]
  0x000000001c47a800 JavaThread "Thread-9" [_thread_blocked, id=6860, stack(0x000000001e340000,0x000000001e440000)]
  0x000000001c4f6800 JavaThread "Stdin handler" [_thread_blocked, id=10160, stack(0x000000001e240000,0x000000001e340000)]
  0x000000001c4f5800 JavaThread "Asynchronous log dispatcher for DefaultDaemonConnection: socket connection from /127.0.0.1:61259 to /127.0.0.1:61260" [_thread_blocked, id=9580, stack(0x000000001e040000,0x000000001e140000)]
  0x000000001c489800 JavaThread "Daemon worker" [_thread_blocked, id=11440, stack(0x000000001df40000,0x000000001e040000)]
  0x000000001c501000 JavaThread "Cancel handler" [_thread_blocked, id=9316, stack(0x000000001de40000,0x000000001df40000)]
  0x000000001c4e6000 JavaThread "Handler for socket connection from /127.0.0.1:61259 to /127.0.0.1:61260" [_thread_in_native, id=7300, stack(0x000000001db40000,0x000000001dc40000)]
  0x000000001c45f000 JavaThread "Daemon" [_thread_blocked, id=13292, stack(0x000000001da40000,0x000000001db40000)]
  0x000000001c439000 JavaThread "Daemon periodic checks" [_thread_blocked, id=8356, stack(0x000000001d940000,0x000000001da40000)]
  0x000000001c438000 JavaThread "Incoming local TCP Connector on port 61259" [_thread_in_native, id=9236, stack(0x000000001d6e0000,0x000000001d7e0000)]
  0x000000001a93d800 JavaThread "Daemon health stats" [_thread_blocked, id=12880, stack(0x000000001d0a0000,0x000000001d1a0000)]
  0x0000000019ab8000 JavaThread "Service Thread" daemon [_thread_blocked, id=4888, stack(0x000000001a700000,0x000000001a800000)]
  0x0000000019a3a000 JavaThread "C1 CompilerThread3" daemon [_thread_blocked, id=7024, stack(0x000000001a600000,0x000000001a700000)]
  0x0000000019a2a800 JavaThread "C2 CompilerThread2" daemon [_thread_blocked, id=9204, stack(0x000000001a500000,0x000000001a600000)]
  0x0000000019a28000 JavaThread "C2 CompilerThread1" daemon [_thread_blocked, id=8556, stack(0x000000001a400000,0x000000001a500000)]
=>0x0000000017c0e800 JavaThread "C2 CompilerThread0" daemon [_thread_in_native, id=8396, stack(0x000000001a300000,0x000000001a400000)]
  0x0000000019a26800 JavaThread "Attach Listener" daemon [_thread_blocked, id=84, stack(0x000000001a200000,0x000000001a300000)]
  0x0000000019a25800 JavaThread "Signal Dispatcher" daemon [_thread_blocked, id=4632, stack(0x000000001a100000,0x000000001a200000)]
  0x0000000019a10800 JavaThread "Finalizer" daemon [_thread_blocked, id=6908, stack(0x0000000019ef0000,0x0000000019ff0000)]
  0x0000000002b88000 JavaThread "Reference Handler" daemon [_thread_blocked, id=4188, stack(0x0000000019df0000,0x0000000019ef0000)]
  0x0000000002a8e000 JavaThread "main" [_thread_blocked, id=4316, stack(0x00000000028f0000,0x00000000029f0000)]

Other Threads:
  0x0000000017bf6000 VMThread [stack: 0x00000000198f0000,0x00000000199f0000] [id=6284]
  0x0000000019ab9000 WatcherThread [stack: 0x000000001a800000,0x000000001a900000] [id=10932]

VM state:at safepoint (normal execution)

VM Mutex/Monitor currently owned by a thread:  ([mutex/lock_event])
[0x0000000002a8d7c0] Threads_lock - owner thread: 0x0000000017bf6000
[0x0000000002a8ce40] Heap_lock - owner thread: 0x000000001c489800

heap address: 0x0000000080000000, size: 2048 MB, Compressed Oops mode: 32-bit
Narrow klass base: 0x0000000000000000, Narrow klass shift: 3
Compressed class space size: 1073741824 Address: 0x0000000100000000

Heap:
 PSYoungGen      total 119296K, used 107520K [0x00000000d5580000, 0x00000000e0200000, 0x0000000100000000)
  eden space 107520K, 100% used [0x00000000d5580000,0x00000000dbe80000,0x00000000dbe80000)
  from space 11776K, 0% used [0x00000000dbe80000,0x00000000dbe80000,0x00000000dca00000)
  to   space 11776K, 53% used [0x00000000df680000,0x00000000dfc9b2e0,0x00000000e0200000)
 ParOldGen       total 56832K, used 15327K [0x0000000080000000, 0x0000000083780000, 0x00000000d5580000)
  object space 56832K, 26% used [0x0000000080000000,0x0000000080ef7f48,0x0000000083780000)
 Metaspace       used 44302K, capacity 45810K, committed 46128K, reserved 1089536K
  class space    used 6000K, capacity 6339K, committed 6448K, reserved 1048576K

Card table byte_map: [0x0000000011f50000,0x0000000012360000] byte_map_base: 0x0000000011b50000

Marking Bits: (ParMarkBitMap*) 0x000000005765f030
 Begin Bits: [0x0000000012e10000, 0x0000000014e10000)
 End Bits:   [0x0000000014e10000, 0x0000000016e10000)

Polling page: 0x0000000000cb0000

CodeCache: size=245760Kb used=13566Kb max_used=13580Kb free=232193Kb
 bounds [0x0000000002b90000, 0x00000000038e0000, 0x0000000011b90000]
 total_blobs=4597 nmethods=3855 adapters=655
 compilation: enabled

Compilation events (10 events):
Event: 4.791 Thread 0x0000000019a3a000 nmethod 3855 0x00000000038cfc50 code [0x00000000038cfde0, 0x00000000038d00b8]
Event: 4.794 Thread 0x0000000019a3a000 3857       3       sun.security.util.SignatureFileVerifier::updateSigners (132 bytes)
Event: 4.795 Thread 0x0000000019a3a000 nmethod 3857 0x00000000038d2990 code [0x00000000038d2c20, 0x00000000038d3d08]
Event: 4.795 Thread 0x0000000019a3a000 3858       3       sun.security.util.SignatureFileVerifier::matches (93 bytes)
Event: 4.796 Thread 0x0000000019a3a000 nmethod 3858 0x00000000038d46d0 code [0x00000000038d4940, 0x00000000038d5a78]
Event: 4.796 Thread 0x0000000019a3a000 3860       1       java.util.Collections::emptyMap (4 bytes)
Event: 4.796 Thread 0x0000000019a3a000 nmethod 3860 0x00000000038cf2d0 code [0x00000000038cf420, 0x00000000038cf510]
Event: 4.796 Thread 0x0000000019a3a000 3859       3       java.security.Provider::checkInitialized (16 bytes)
Event: 4.796 Thread 0x0000000019a3a000 nmethod 3859 0x00000000038cee10 code [0x00000000038cef80, 0x00000000038cf1c8]
Event: 4.797 Thread 0x0000000019a2a800 nmethod 3856% 0x00000000038d9890 code [0x00000000038d99e0, 0x00000000038da278]

GC Heap History (10 events):
Event: 2.724 GC heap after
Heap after GC invocations=7 (full 1):
 PSYoungGen      total 74752K, used 0K [0x00000000d5580000, 0x00000000dab80000, 0x0000000100000000)
  eden space 64512K, 0% used [0x00000000d5580000,0x00000000d5580000,0x00000000d9480000)
  from space 10240K, 0% used [0x00000000d9f80000,0x00000000d9f80000,0x00000000da980000)
  to   space 11264K, 0% used [0x00000000d9480000,0x00000000d9480000,0x00000000d9f80000)
 ParOldGen       total 56832K, used 8946K [0x0000000080000000, 0x0000000083780000, 0x00000000d5580000)
  object space 56832K, 15% used [0x0000000080000000,0x00000000808bc8d0,0x0000000083780000)
 Metaspace       used 20517K, capacity 21240K, committed 21296K, reserved 1067008K
  class space    used 2873K, capacity 3088K, committed 3120K, reserved 1048576K
}
Event: 3.149 GC heap before
{Heap before GC invocations=8 (full 1):
 PSYoungGen      total 74752K, used 64512K [0x00000000d5580000, 0x00000000dab80000, 0x0000000100000000)
  eden space 64512K, 100% used [0x00000000d5580000,0x00000000d9480000,0x00000000d9480000)
  from space 10240K, 0% used [0x00000000d9f80000,0x00000000d9f80000,0x00000000da980000)
  to   space 11264K, 0% used [0x00000000d9480000,0x00000000d9480000,0x00000000d9f80000)
 ParOldGen       total 56832K, used 8946K [0x0000000080000000, 0x0000000083780000, 0x00000000d5580000)
  object space 56832K, 15% used [0x0000000080000000,0x00000000808bc8d0,0x0000000083780000)
 Metaspace       used 28146K, capacity 28928K, committed 29232K, reserved 1075200K
  class space    used 3888K, capacity 4131K, committed 4144K, reserved 1048576K
Event: 3.156 GC heap after
Heap after GC invocations=8 (full 1):
 PSYoungGen      total 75776K, used 8182K [0x00000000d5580000, 0x00000000dd500000, 0x0000000100000000)
  eden space 64512K, 0% used [0x00000000d5580000,0x00000000d5580000,0x00000000d9480000)
  from space 11264K, 72% used [0x00000000d9480000,0x00000000d9c7da98,0x00000000d9f80000)
  to   space 11264K, 0% used [0x00000000dca00000,0x00000000dca00000,0x00000000dd500000)
 ParOldGen       total 56832K, used 8954K [0x0000000080000000, 0x0000000083780000, 0x00000000d5580000)
  object space 56832K, 15% used [0x0000000080000000,0x00000000808be8d0,0x0000000083780000)
 Metaspace       used 28146K, capacity 28928K, committed 29232K, reserved 1075200K
  class space    used 3888K, capacity 4131K, committed 4144K, reserved 1048576K
}
Event: 3.513 GC heap before
{Heap before GC invocations=9 (full 1):
 PSYoungGen      total 75776K, used 72694K [0x00000000d5580000, 0x00000000dd500000, 0x0000000100000000)
  eden space 64512K, 100% used [0x00000000d5580000,0x00000000d9480000,0x00000000d9480000)
  from space 11264K, 72% used [0x00000000d9480000,0x00000000d9c7da98,0x00000000d9f80000)
  to   space 11264K, 0% used [0x00000000dca00000,0x00000000dca00000,0x00000000dd500000)
 ParOldGen       total 56832K, used 8954K [0x0000000080000000, 0x0000000083780000, 0x00000000d5580000)
  object space 56832K, 15% used [0x0000000080000000,0x00000000808be8d0,0x0000000083780000)
 Metaspace       used 32180K, capacity 32996K, committed 33072K, reserved 1077248K
  class space    used 4393K, capacity 4613K, committed 4656K, reserved 1048576K
Event: 3.521 GC heap after
Heap after GC invocations=9 (full 1):
 PSYoungGen      total 118784K, used 8617K [0x00000000d5580000, 0x00000000dd700000, 0x0000000100000000)
  eden space 107520K, 0% used [0x00000000d5580000,0x00000000d5580000,0x00000000dbe80000)
  from space 11264K, 76% used [0x00000000dca00000,0x00000000dd26a6c8,0x00000000dd500000)
  to   space 11776K, 0% used [0x00000000dbe80000,0x00000000dbe80000,0x00000000dca00000)
 ParOldGen       total 56832K, used 8962K [0x0000000080000000, 0x0000000083780000, 0x00000000d5580000)
  object space 56832K, 15% used [0x0000000080000000,0x00000000808c08d0,0x0000000083780000)
 Metaspace       used 32180K, capacity 32996K, committed 33072K, reserved 1077248K
  class space    used 4393K, capacity 4613K, committed 4656K, reserved 1048576K
}
Event: 3.763 GC heap before
{Heap before GC invocations=10 (full 1):
 PSYoungGen      total 118784K, used 58012K [0x00000000d5580000, 0x00000000dd700000, 0x0000000100000000)
  eden space 107520K, 45% used [0x00000000d5580000,0x00000000d85bcb10,0x00000000dbe80000)
  from space 11264K, 76% used [0x00000000dca00000,0x00000000dd26a6c8,0x00000000dd500000)
  to   space 11776K, 0% used [0x00000000dbe80000,0x00000000dbe80000,0x00000000dca00000)
 ParOldGen       total 56832K, used 8962K [0x0000000080000000, 0x0000000083780000, 0x00000000d5580000)
  object space 56832K, 15% used [0x0000000080000000,0x00000000808c08d0,0x0000000083780000)
 Metaspace       used 34534K, capacity 35406K, committed 35496K, reserved 1079296K
  class space    used 4741K, capacity 4974K, committed 5040K, reserved 1048576K
Event: 3.770 GC heap after
Heap after GC invocations=10 (full 1):
 PSYoungGen      total 119296K, used 8762K [0x00000000d5580000, 0x00000000e0200000, 0x0000000100000000)
  eden space 107520K, 0% used [0x00000000d5580000,0x00000000d5580000,0x00000000dbe80000)
  from space 11776K, 74% used [0x00000000dbe80000,0x00000000dc70eab0,0x00000000dca00000)
  to   space 11776K, 0% used [0x00000000df680000,0x00000000df680000,0x00000000e0200000)
 ParOldGen       total 56832K, used 8970K [0x0000000080000000, 0x0000000083780000, 0x00000000d5580000)
  object space 56832K, 15% used [0x0000000080000000,0x00000000808c28d0,0x0000000083780000)
 Metaspace       used 34534K, capacity 35406K, committed 35496K, reserved 1079296K
  class space    used 4741K, capacity 4974K, committed 5040K, reserved 1048576K
}
Event: 3.770 GC heap before
{Heap before GC invocations=11 (full 2):
 PSYoungGen      total 119296K, used 8762K [0x00000000d5580000, 0x00000000e0200000, 0x0000000100000000)
  eden space 107520K, 0% used [0x00000000d5580000,0x00000000d5580000,0x00000000dbe80000)
  from space 11776K, 74% used [0x00000000dbe80000,0x00000000dc70eab0,0x00000000dca00000)
  to   space 11776K, 0% used [0x00000000df680000,0x00000000df680000,0x00000000e0200000)
 ParOldGen       total 56832K, used 8970K [0x0000000080000000, 0x0000000083780000, 0x00000000d5580000)
  object space 56832K, 15% used [0x0000000080000000,0x00000000808c28d0,0x0000000083780000)
 Metaspace       used 34534K, capacity 35406K, committed 35496K, reserved 1079296K
  class space    used 4741K, capacity 4974K, committed 5040K, reserved 1048576K
Event: 3.802 GC heap after
Heap after GC invocations=11 (full 2):
 PSYoungGen      total 119296K, used 0K [0x00000000d5580000, 0x00000000e0200000, 0x0000000100000000)
  eden space 107520K, 0% used [0x00000000d5580000,0x00000000d5580000,0x00000000dbe80000)
  from space 11776K, 0% used [0x00000000dbe80000,0x00000000dbe80000,0x00000000dca00000)
  to   space 11776K, 0% used [0x00000000df680000,0x00000000df680000,0x00000000e0200000)
 ParOldGen       total 56832K, used 15319K [0x0000000080000000, 0x0000000083780000, 0x00000000d5580000)
  object space 56832K, 26% used [0x0000000080000000,0x0000000080ef5f48,0x0000000083780000)
 Metaspace       used 34534K, capacity 35406K, committed 35496K, reserved 1079296K
  class space    used 4741K, capacity 4974K, committed 5040K, reserved 1048576K
}
Event: 4.800 GC heap before
{Heap before GC invocations=12 (full 2):
 PSYoungGen      total 119296K, used 107520K [0x00000000d5580000, 0x00000000e0200000, 0x0000000100000000)
  eden space 107520K, 100% used [0x00000000d5580000,0x00000000dbe80000,0x00000000dbe80000)
  from space 11776K, 0% used [0x00000000dbe80000,0x00000000dbe80000,0x00000000dca00000)
  to   space 11776K, 0% used [0x00000000df680000,0x00000000df680000,0x00000000e0200000)
 ParOldGen       total 56832K, used 15319K [0x0000000080000000, 0x0000000083780000, 0x00000000d5580000)
  object space 56832K, 26% used [0x0000000080000000,0x0000000080ef5f48,0x0000000083780000)
 Metaspace       used 44302K, capacity 45810K, committed 46128K, reserved 1089536K
  class space    used 6000K, capacity 6339K, committed 6448K, reserved 1048576K

Deoptimization events (10 events):
Event: 4.737 Thread 0x000000001c489800 Uncommon trap: reason=speculate_class_check action=maybe_recompile pc=0x00000000038935d8 method=java.util.HashMap.putVal(ILjava/lang/Object;Ljava/lang/Object;ZZ)Ljava/lang/Object; @ 56
Event: 4.737 Thread 0x000000001c489800 Uncommon trap: reason=speculate_class_check action=maybe_recompile pc=0x00000000038935d8 method=java.util.HashMap.putVal(ILjava/lang/Object;Ljava/lang/Object;ZZ)Ljava/lang/Object; @ 56
Event: 4.737 Thread 0x000000001c489800 Uncommon trap: reason=speculate_class_check action=maybe_recompile pc=0x00000000038935d8 method=java.util.HashMap.putVal(ILjava/lang/Object;Ljava/lang/Object;ZZ)Ljava/lang/Object; @ 56
Event: 4.743 Thread 0x000000001c489800 Uncommon trap: reason=unstable_if action=reinterpret pc=0x000000000309c27c method=java.lang.CharacterDataLatin1.isWhitespace(I)Z @ 14
Event: 4.794 Thread 0x000000001c489800 Uncommon trap: reason=unstable_if action=reinterpret pc=0x0000000003661780 method=java.util.jar.JarFile.maybeInstantiateVerifier()V @ 4
Event: 4.795 Thread 0x000000001c489800 Uncommon trap: reason=unstable_if action=reinterpret pc=0x0000000003657794 method=java.util.jar.JarFile.maybeInstantiateVerifier()V @ 4
Event: 4.795 Thread 0x000000001c489800 Uncommon trap: reason=unstable_if action=reinterpret pc=0x0000000003847370 method=java.security.CodeSource.<init>(Ljava/net/URL;[Ljava/security/CodeSigner;)V @ 25
Event: 4.796 Thread 0x000000001c489800 Uncommon trap: reason=unstable_if action=reinterpret pc=0x0000000003129d6c method=java.security.CodeSource.getCertificates()[Ljava/security/cert/Certificate; @ 22
Event: 4.796 Thread 0x000000001c489800 Uncommon trap: reason=unstable_if action=reinterpret pc=0x00000000030981b0 method=java.util.jar.JarFile.maybeInstantiateVerifier()V @ 4
Event: 4.796 Thread 0x000000001c489800 Uncommon trap: reason=unstable_if action=reinterpret pc=0x000000000359a444 method=java.security.CodeSource.matchCerts(Ljava/security/CodeSource;Z)Z @ 11

Classes redefined (0 events):
No events

Internal exceptions (10 events):
Event: 4.275 Thread 0x000000001c47a800 Exception <a 'java/lang/NoSuchMethodError': <clinit>> (0x00000000d6bab740) thrown at [C:\src\AOSP-openjdk-git\hotspot\src\share\vm\prims\jni.cpp, line 1615]
Event: 4.275 Thread 0x000000001c47a800 Exception <a 'java/lang/NoSuchMethodError': <clinit>> (0x00000000d6bb59b0) thrown at [C:\src\AOSP-openjdk-git\hotspot\src\share\vm\prims\jni.cpp, line 1615]
Event: 4.275 Thread 0x000000001c47a800 Exception <a 'java/lang/NoSuchMethodError': <clinit>> (0x00000000d7ed6238) thrown at [C:\src\AOSP-openjdk-git\hotspot\src\share\vm\prims\jni.cpp, line 1615]
Event: 4.276 Thread 0x000000001c47a800 Exception <a 'java/lang/NoSuchMethodError': <clinit>> (0x00000000d7ee9640) thrown at [C:\src\AOSP-openjdk-git\hotspot\src\share\vm\prims\jni.cpp, line 1615]
Event: 4.284 Thread 0x000000001c489800 Exception <a 'java/lang/ClassNotFoundException': build_xmz0gbtem479grhggstmsg8yBeanInfo> (0x00000000d7e98390) thrown at [C:\src\AOSP-openjdk-git\hotspot\src\share\vm\classfile\systemDictionary.cpp, line 210]
Event: 4.284 Thread 0x000000001c489800 Exception <a 'java/lang/ClassNotFoundException': build_xmz0gbtem479grhggstmsg8yCustomizer> (0x00000000d7ea54f0) thrown at [C:\src\AOSP-openjdk-git\hotspot\src\share\vm\classfile\systemDictionary.cpp, line 210]
Event: 4.287 Thread 0x000000001c489800 Exception <a 'java/lang/ClassNotFoundException': org/gradle/api/internal/plugins/DefaultObjectConfigurationActionBeanInfo> (0x00000000d7f8ea88) thrown at [C:\src\AOSP-openjdk-git\hotspot\src\share\vm\classfile\systemDictionary.cpp, line 210]
Event: 4.287 Thread 0x000000001c489800 Exception <a 'java/lang/ClassNotFoundException': org/gradle/api/internal/plugins/DefaultObjectConfigurationActionCustomizer> (0x00000000d7fd3c58) thrown at [C:\src\AOSP-openjdk-git\hotspot\src\share\vm\classfile\systemDictionary.cpp, line 210]
Event: 4.420 Thread 0x000000001c489800 Implicit null exception at 0x0000000003666aed to 0x0000000003667b51
Event: 4.723 Thread 0x000000001c489800 Implicit null exception at 0x000000000375ad28 to 0x000000000375b24d

Events (10 events):
Event: 4.796 loading class org/bouncycastle/operator/OperatorException done
Event: 4.796 Thread 0x000000001c489800 Uncommon trap: trap_request=0xffffff65 fr.pc=0x00000000030981b0
Event: 4.796 Thread 0x000000001c489800 DEOPT PACKING pc=0x00000000030981b0 sp=0x000000001e034a30
Event: 4.796 Thread 0x000000001c489800 DEOPT UNPACKING pc=0x0000000002bd557b sp=0x000000001e0349c8 mode 2
Event: 4.796 Thread 0x000000001c489800 Uncommon trap: trap_request=0xffffff65 fr.pc=0x000000000359a444
Event: 4.796 Thread 0x000000001c489800 DEOPT PACKING pc=0x000000000359a444 sp=0x000000001e034a10
Event: 4.796 Thread 0x000000001c489800 DEOPT UNPACKING pc=0x0000000002bd557b sp=0x000000001e034940 mode 2
Event: 4.797 loading class org/bouncycastle/jce/provider/BouncyCastleProvider
Event: 4.797 loading class org/bouncycastle/jce/provider/BouncyCastleProvider done
Event: 4.800 Executing VM operation: ParallelGCFailedAllocation


Dynamic libraries:
0x00007ff6567c0000 - 0x00007ff6567f1000 	C:\Program Files\Android\Android Studio\jre\bin\java.exe
0x00007ffc8ba80000 - 0x00007ffc8bc70000 	C:\Windows\SYSTEM32\ntdll.dll
0x00007ffc8b880000 - 0x00007ffc8b932000 	C:\Windows\System32\KERNEL32.DLL
0x00007ffc89530000 - 0x00007ffc897d4000 	C:\Windows\System32\KERNELBASE.dll
0x00007ffc89b30000 - 0x00007ffc89bd3000 	C:\Windows\System32\ADVAPI32.dll
0x00007ffc8b630000 - 0x00007ffc8b6ce000 	C:\Windows\System32\msvcrt.dll
0x00007ffc8a4b0000 - 0x00007ffc8a547000 	C:\Windows\System32\sechost.dll
0x00007ffc8b6d0000 - 0x00007ffc8b7f0000 	C:\Windows\System32\RPCRT4.dll
0x00007ffc8a2b0000 - 0x00007ffc8a444000 	C:\Windows\System32\USER32.dll
0x00007ffc89460000 - 0x00007ffc89481000 	C:\Windows\System32\win32u.dll
0x00007ffc8a990000 - 0x00007ffc8a9b6000 	C:\Windows\System32\GDI32.dll
0x00007ffc89860000 - 0x00007ffc899f5000 	C:\Windows\System32\gdi32full.dll
0x00007ffc89490000 - 0x00007ffc8952e000 	C:\Windows\System32\msvcp_win.dll
0x00007ffc88be0000 - 0x00007ffc88cda000 	C:\Windows\System32\ucrtbase.dll
0x00007ffc74e10000 - 0x00007ffc75094000 	C:\Windows\WinSxS\amd64_microsoft.windows.common-controls_6595b64144ccf1df_6.0.18362.900_none_e6beb9d913147d17\COMCTL32.dll
0x00007ffc8a9c0000 - 0x00007ffc8acf5000 	C:\Windows\System32\combase.dll
0x00007ffc88b60000 - 0x00007ffc88be0000 	C:\Windows\System32\bcryptPrimitives.dll
0x00007ffc8ba10000 - 0x00007ffc8ba3e000 	C:\Windows\System32\IMM32.DLL
0x0000000057ef0000 - 0x0000000057fc2000 	C:\Program Files\Android\Android Studio\jre\jre\bin\msvcr100.dll
0x0000000056e90000 - 0x00000000576db000 	C:\Program Files\Android\Android Studio\jre\jre\bin\server\jvm.dll
0x00007ffc8b7f0000 - 0x00007ffc8b7f8000 	C:\Windows\System32\PSAPI.DLL
0x00007ffc81ca0000 - 0x00007ffc81caa000 	C:\Windows\SYSTEM32\VERSION.dll
0x00007ffc86820000 - 0x00007ffc86844000 	C:\Windows\SYSTEM32\WINMM.dll
0x00007ffc86ab0000 - 0x00007ffc86ab9000 	C:\Windows\SYSTEM32\WSOCK32.dll
0x00007ffc8a550000 - 0x00007ffc8a5bf000 	C:\Windows\System32\WS2_32.dll
0x00007ffc862d0000 - 0x00007ffc862fd000 	C:\Windows\SYSTEM32\winmmbase.dll
0x00007ffc89ae0000 - 0x00007ffc89b2a000 	C:\Windows\System32\cfgmgr32.dll
0x00007ffc86a90000 - 0x00007ffc86a9f000 	C:\Program Files\Android\Android Studio\jre\jre\bin\verify.dll
0x00007ffc7d5a0000 - 0x00007ffc7d5c9000 	C:\Program Files\Android\Android Studio\jre\jre\bin\java.dll
0x00007ffc7d550000 - 0x00007ffc7d566000 	C:\Program Files\Android\Android Studio\jre\jre\bin\zip.dll
0x00007ffc8af30000 - 0x00007ffc8b616000 	C:\Windows\System32\SHELL32.dll
0x00007ffc8ae80000 - 0x00007ffc8af29000 	C:\Windows\System32\shcore.dll
0x00007ffc88ce0000 - 0x00007ffc89460000 	C:\Windows\System32\windows.storage.dll
0x00007ffc88970000 - 0x00007ffc88993000 	C:\Windows\System32\profapi.dll
0x00007ffc889c0000 - 0x00007ffc88a0a000 	C:\Windows\System32\powrprof.dll
0x00007ffc88940000 - 0x00007ffc88950000 	C:\Windows\System32\UMPDC.dll
0x00007ffc8ad70000 - 0x00007ffc8adc2000 	C:\Windows\System32\shlwapi.dll
0x00007ffc88950000 - 0x00007ffc88961000 	C:\Windows\System32\kernel.appcore.dll
0x00007ffc89840000 - 0x00007ffc89857000 	C:\Windows\System32\cryptsp.dll
0x00007ffc7e840000 - 0x00007ffc7e85a000 	C:\Program Files\Android\Android Studio\jre\jre\bin\net.dll
0x00007ffc88150000 - 0x00007ffc881b7000 	C:\Windows\system32\mswsock.dll
0x00007ffc7e820000 - 0x00007ffc7e833000 	C:\Program Files\Android\Android Studio\jre\jre\bin\nio.dll
0x00007ffc65f90000 - 0x00007ffc65fb6000 	C:\Users\nives\.gradle\native\31\windows-amd64\native-platform.dll
0x00007ffc868d0000 - 0x00007ffc868dd000 	C:\Program Files\Android\Android Studio\jre\jre\bin\management.dll
0x00007ffc87cc0000 - 0x00007ffc87cf3000 	C:\Windows\system32\rsaenh.dll
0x00007ffc89a00000 - 0x00007ffc89a26000 	C:\Windows\System32\bcrypt.dll
0x00007ffc88830000 - 0x00007ffc88855000 	C:\Windows\SYSTEM32\USERENV.dll
0x00007ffc88320000 - 0x00007ffc8832c000 	C:\Windows\SYSTEM32\CRYPTBASE.dll
0x00007ffc87e60000 - 0x00007ffc87e9a000 	C:\Windows\SYSTEM32\IPHLPAPI.DLL
0x00007ffc8adf0000 - 0x00007ffc8adf8000 	C:\Windows\System32\NSI.dll
0x00007ffc83c60000 - 0x00007ffc83c76000 	C:\Windows\SYSTEM32\dhcpcsvc6.DLL
0x00007ffc83c40000 - 0x00007ffc83c5c000 	C:\Windows\SYSTEM32\dhcpcsvc.DLL
0x00007ffc87ea0000 - 0x00007ffc87f6b000 	C:\Windows\SYSTEM32\DNSAPI.dll

VM Arguments:
jvm_args: -Xmx2048m -Dfile.encoding=windows-1252 -Duser.country=BR -Duser.language=pt -Duser.variant 
java_command: org.gradle.launcher.daemon.bootstrap.GradleDaemon 6.1.1
java_class_path (initial): C:\Users\nives\.gradle\wrapper\dists\gradle-6.1.1-all\cfmwm155h49vnt3hynmlrsdst\gradle-6.1.1\lib\gradle-launcher-6.1.1.jar
Launcher Type: SUN_STANDARD

Environment Variables:
JAVA_HOME=C:\Program Files\AdoptOpenJDK\jdk-14.0.1.7-hotspot\
PATH=C:\Program Files\AdoptOpenJDK\jdk-14.0.1.7-hotspot\bin;C:\Program Files\NVIDIA GPU Computing Toolkit\CUDA\v10.1\bin;C:\Program Files\NVIDIA GPU Computing Toolkit\CUDA\v10.1\libnvvp;C:\Program Files\NVIDIA GPU Computing Toolkit\CUDA\v10.1\include;C:\Program Files (x86)\Common Files\Oracle\Java\javapath;C:\Windows\system32;C:\Windows;C:\Windows\System32\Wbem;C:\Windows\System32\WindowsPowerShell\v1.0\;C:\Windows\System32\OpenSSH\;C:\Program Files (x86)\NVIDIA Corporation\PhysX\Common;C:\Program Files\Docker\Docker\resources\bin;C:\ProgramData\DockerDesktop\version-bin;C:\Program Files\Git\cmd;C:\Program Files\NVIDIA Corporation\Nsight Compute 2019.4.0\;C:\Program Files (x86)\Graphviz2.38\bin\;C:\Users\nives\AppData\Local\Programs\Python\Python38\Scripts\;C:\Users\nives\AppData\Local\Programs\Python\Python38\;C:\Users\nives\AppData\Local\Programs\Python\Launcher\;C:\Users\nives\AppData\Local\Microsoft\WindowsApps;C:\Users\nives\AppData\Local\Programs\Microsoft VS Code\bin;C:\MinGW\bin;C:\Users\nives\AppData\Local\Programs\Python\Python38\Lib\site-packages\graphviz;
USERNAME=nivestar
OS=Windows_NT
PROCESSOR_IDENTIFIER=Intel64 Family 6 Model 158 Stepping 10, GenuineIntel



---------------  S Y S T E M  ---------------

OS: Windows 10.0 , 64 bit Build 18362 (10.0.18362.900)

CPU:total 8 (initial active 8) (4 cores per cpu, 2 threads per core) family 6 model 158 stepping 10, cmov, cx8, fxsr, mmx, sse, sse2, sse3, ssse3, sse4.1, sse4.2, popcnt, avx, avx2, aes, clmul, erms, 3dnowpref, lzcnt, ht, tsc, tscinvbit, bmi1, bmi2, adx

Memory: 4k page, physical 8227124k(489572k free), swap 10172724k(5508k free)

vm_info: OpenJDK 64-Bit Server VM (25.242-b01) for windows-amd64 JRE (1.8.0_242-release-1644-b01), built by "builder" with MS VC++ 10.0 (VS2010)

time: Wed Jul 15 00:40:56 2020
timezone: UTC-02
elapsed time: 4 seconds (0d 0h 0m 4s)

